{"/home/travis/build/npmtest/node-npmtest-mailcomposer/test.js":{"path":"/home/travis/build/npmtest/node-npmtest-mailcomposer/test.js","s":{"1":2,"2":2,"3":2,"4":2,"5":2,"6":2,"7":2,"8":1,"9":2,"10":2,"11":1,"12":1,"13":1,"14":1,"15":2,"16":2,"17":2,"18":2,"19":1,"20":1,"21":2,"22":2,"23":2,"24":1,"25":1,"26":1,"27":1,"28":1,"29":1,"30":1,"31":1,"32":1,"33":1,"34":1,"35":1,"36":1,"37":2,"38":2,"39":1,"40":2,"41":2,"42":1,"43":2,"44":2,"45":1,"46":2,"47":2,"48":1,"49":1,"50":1,"51":1,"52":1},"b":{"1":[2,1,1,1],"2":[1,1,1,1],"3":[1,1],"4":[1,1],"5":[1,1],"6":[1,1],"7":[1,1],"8":[1,1],"9":[1,1,1],"10":[1,1],"11":[1,1],"12":[1,1],"13":[1,1],"14":[1,1],"15":[1,1],"16":[1,1]},"f":{"1":2,"2":2,"3":2,"4":2,"5":2,"6":1,"7":1,"8":2,"9":2,"10":2,"11":2,"12":1},"fnMap":{"1":{"name":"(anonymous_1)","line":12,"loc":{"start":{"line":12,"column":1},"end":{"line":12,"column":13}}},"2":{"name":"(anonymous_2)","line":19,"loc":{"start":{"line":19,"column":5},"end":{"line":19,"column":17}}},"3":{"name":"(anonymous_3)","line":23,"loc":{"start":{"line":23,"column":24},"end":{"line":23,"column":36}}},"4":{"name":"(anonymous_4)","line":61,"loc":{"start":{"line":61,"column":5},"end":{"line":61,"column":17}}},"5":{"name":"(anonymous_5)","line":82,"loc":{"start":{"line":82,"column":5},"end":{"line":82,"column":17}}},"6":{"name":"(anonymous_6)","line":102,"loc":{"start":{"line":102,"column":83},"end":{"line":105,"column":10}},"skip":true},"7":{"name":"(anonymous_7)","line":113,"loc":{"start":{"line":113,"column":77},"end":{"line":116,"column":10}},"skip":true},"8":{"name":"(anonymous_8)","line":129,"loc":{"start":{"line":129,"column":12},"end":{"line":129,"column":40}},"skip":true},"9":{"name":"(anonymous_9)","line":137,"loc":{"start":{"line":137,"column":77},"end":{"line":140,"column":10}},"skip":true},"10":{"name":"(anonymous_10)","line":148,"loc":{"start":{"line":148,"column":83},"end":{"line":151,"column":10}},"skip":true},"11":{"name":"(anonymous_11)","line":159,"loc":{"start":{"line":159,"column":79},"end":{"line":162,"column":10}},"skip":true},"12":{"name":"(anonymous_12)","line":170,"loc":{"start":{"line":170,"column":75},"end":{"line":173,"column":10}},"skip":true}},"statementMap":{"1":{"start":{"line":12,"column":0},"end":{"line":185,"column":5}},"2":{"start":{"line":14,"column":4},"end":{"line":14,"column":14}},"3":{"start":{"line":19,"column":4},"end":{"line":56,"column":9}},"4":{"start":{"line":21,"column":8},"end":{"line":21,"column":19}},"5":{"start":{"line":23,"column":8},"end":{"line":35,"column":13}},"6":{"start":{"line":24,"column":12},"end":{"line":34,"column":13}},"7":{"start":{"line":25,"column":16},"end":{"line":28,"column":30}},"8":{"start":{"line":30,"column":16},"end":{"line":33,"column":27}},"9":{"start":{"line":37,"column":8},"end":{"line":39,"column":21}},"10":{"start":{"line":40,"column":8},"end":{"line":53,"column":9}},"11":{"start":{"line":43,"column":12},"end":{"line":46,"column":14}},"12":{"start":{"line":47,"column":12},"end":{"line":47,"column":18}},"13":{"start":{"line":50,"column":12},"end":{"line":51,"column":46}},"14":{"start":{"line":52,"column":12},"end":{"line":52,"column":18}},"15":{"start":{"line":55,"column":8},"end":{"line":55,"column":35}},"16":{"start":{"line":61,"column":4},"end":{"line":63,"column":9}},"17":{"start":{"line":62,"column":8},"end":{"line":62,"column":15}},"18":{"start":{"line":64,"column":4},"end":{"line":77,"column":5}},"19":{"start":{"line":70,"column":8},"end":{"line":70,"column":14}},"20":{"start":{"line":76,"column":8},"end":{"line":76,"column":14}},"21":{"start":{"line":82,"column":4},"end":{"line":84,"column":9}},"22":{"start":{"line":83,"column":8},"end":{"line":83,"column":15}},"23":{"start":{"line":85,"column":4},"end":{"line":184,"column":5}},"24":{"start":{"line":92,"column":8},"end":{"line":94,"column":63}},"25":{"start":{"line":95,"column":8},"end":{"line":95,"column":14}},"26":{"start":{"line":102,"column":8},"end":{"line":111,"column":10},"skip":true},"27":{"start":{"line":109,"column":12},"end":{"line":109,"column":55},"skip":true},"28":{"start":{"line":110,"column":12},"end":{"line":110,"column":48},"skip":true},"29":{"start":{"line":113,"column":8},"end":{"line":126,"column":10},"skip":true},"30":{"start":{"line":120,"column":12},"end":{"line":120,"column":76},"skip":true},"31":{"start":{"line":121,"column":12},"end":{"line":121,"column":73},"skip":true},"32":{"start":{"line":122,"column":12},"end":{"line":122,"column":74},"skip":true},"33":{"start":{"line":123,"column":12},"end":{"line":123,"column":79},"skip":true},"34":{"start":{"line":124,"column":12},"end":{"line":124,"column":25},"skip":true},"35":{"start":{"line":125,"column":12},"end":{"line":125,"column":45},"skip":true},"36":{"start":{"line":128,"column":8},"end":{"line":135,"column":14},"skip":true},"37":{"start":{"line":133,"column":16},"end":{"line":133,"column":29},"skip":true},"38":{"start":{"line":134,"column":16},"end":{"line":134,"column":55},"skip":true},"39":{"start":{"line":137,"column":8},"end":{"line":146,"column":10},"skip":true},"40":{"start":{"line":144,"column":12},"end":{"line":144,"column":25},"skip":true},"41":{"start":{"line":145,"column":12},"end":{"line":145,"column":45},"skip":true},"42":{"start":{"line":148,"column":8},"end":{"line":157,"column":10},"skip":true},"43":{"start":{"line":155,"column":12},"end":{"line":155,"column":25},"skip":true},"44":{"start":{"line":156,"column":12},"end":{"line":156,"column":48},"skip":true},"45":{"start":{"line":159,"column":8},"end":{"line":168,"column":10},"skip":true},"46":{"start":{"line":166,"column":12},"end":{"line":166,"column":25},"skip":true},"47":{"start":{"line":167,"column":12},"end":{"line":167,"column":46},"skip":true},"48":{"start":{"line":170,"column":8},"end":{"line":179,"column":10},"skip":true},"49":{"start":{"line":177,"column":12},"end":{"line":177,"column":94},"skip":true},"50":{"start":{"line":178,"column":12},"end":{"line":178,"column":48},"skip":true},"51":{"start":{"line":182,"column":8},"end":{"line":182,"column":35},"skip":true},"52":{"start":{"line":183,"column":8},"end":{"line":183,"column":14},"skip":true}},"branchMap":{"1":{"line":25,"type":"binary-expr","locations":[{"start":{"line":25,"column":23},"end":{"line":25,"column":62}},{"start":{"line":26,"column":20},"end":{"line":26,"column":70}},{"start":{"line":27,"column":20},"end":{"line":27,"column":71}},{"start":{"line":28,"column":20},"end":{"line":28,"column":29}}]},"2":{"line":30,"type":"binary-expr","locations":[{"start":{"line":30,"column":23},"end":{"line":30,"column":37}},{"start":{"line":31,"column":20},"end":{"line":31,"column":61}},{"start":{"line":32,"column":20},"end":{"line":32,"column":70}},{"start":{"line":33,"column":20},"end":{"line":33,"column":26}}]},"3":{"line":37,"type":"cond-expr","locations":[{"start":{"line":38,"column":14},"end":{"line":38,"column":20}},{"start":{"line":39,"column":14},"end":{"line":39,"column":20}}]},"4":{"line":40,"type":"switch","locations":[{"start":{"line":42,"column":8},"end":{"line":47,"column":18}},{"start":{"line":49,"column":8},"end":{"line":52,"column":18}}]},"5":{"line":44,"type":"binary-expr","locations":[{"start":{"line":44,"column":16},"end":{"line":44,"column":44}},{"start":{"line":44,"column":48},"end":{"line":44,"column":66}}]},"6":{"line":50,"type":"binary-expr","locations":[{"start":{"line":50,"column":21},"end":{"line":50,"column":49}},{"start":{"line":50,"column":53},"end":{"line":50,"column":72}}]},"7":{"line":64,"type":"switch","locations":[{"start":{"line":69,"column":4},"end":{"line":70,"column":14}},{"start":{"line":75,"column":4},"end":{"line":76,"column":14}}]},"8":{"line":85,"type":"switch","locations":[{"start":{"line":90,"column":4},"end":{"line":95,"column":14}},{"start":{"line":101,"column":4},"end":{"line":183,"column":14},"skip":true}]},"9":{"line":92,"type":"binary-expr","locations":[{"start":{"line":92,"column":18},"end":{"line":92,"column":32}},{"start":{"line":93,"column":12},"end":{"line":93,"column":53}},{"start":{"line":94,"column":12},"end":{"line":94,"column":61}}]},"10":{"line":102,"type":"binary-expr","locations":[{"start":{"line":102,"column":45},"end":{"line":102,"column":79},"skip":true},{"start":{"line":102,"column":83},"end":{"line":111,"column":9},"skip":true}]},"11":{"line":113,"type":"binary-expr","locations":[{"start":{"line":113,"column":42},"end":{"line":113,"column":73},"skip":true},{"start":{"line":113,"column":77},"end":{"line":126,"column":9},"skip":true}]},"12":{"line":128,"type":"binary-expr","locations":[{"start":{"line":128,"column":48},"end":{"line":128,"column":85},"skip":true},{"start":{"line":129,"column":12},"end":{"line":135,"column":13},"skip":true}]},"13":{"line":137,"type":"binary-expr","locations":[{"start":{"line":137,"column":42},"end":{"line":137,"column":73},"skip":true},{"start":{"line":137,"column":77},"end":{"line":146,"column":9},"skip":true}]},"14":{"line":148,"type":"binary-expr","locations":[{"start":{"line":148,"column":45},"end":{"line":148,"column":79},"skip":true},{"start":{"line":148,"column":83},"end":{"line":157,"column":9},"skip":true}]},"15":{"line":159,"type":"binary-expr","locations":[{"start":{"line":159,"column":43},"end":{"line":159,"column":75},"skip":true},{"start":{"line":159,"column":79},"end":{"line":168,"column":9},"skip":true}]},"16":{"line":170,"type":"binary-expr","locations":[{"start":{"line":170,"column":41},"end":{"line":170,"column":71},"skip":true},{"start":{"line":170,"column":75},"end":{"line":179,"column":9},"skip":true}]}},"code":["/* istanbul instrument in package npmtest_mailcomposer */","/*jslint","    bitwise: true,","    browser: true,","    maxerr: 8,","    maxlen: 96,","    node: true,","    nomen: true,","    regexp: true,","    stupid: true","*/","(function () {","    'use strict';","    var local;","","","","    // run shared js-env code - pre-init","    (function () {","        // init local","        local = {};","        // init modeJs","        local.modeJs = (function () {","            try {","                return typeof navigator.userAgent === 'string' &&","                    typeof document.querySelector('body') === 'object' &&","                    typeof XMLHttpRequest.prototype.open === 'function' &&","                    'browser';","            } catch (errorCaughtBrowser) {","                return module.exports &&","                    typeof process.versions.node === 'string' &&","                    typeof require('http').createServer === 'function' &&","                    'node';","            }","        }());","        // init global","        local.global = local.modeJs === 'browser'","            ? window","            : global;","        switch (local.modeJs) {","        // re-init local from window.local","        case 'browser':","            local = local.global.utility2.objectSetDefault(","                local.global.utility2_rollup || local.global.local,","                local.global.utility2","            );","            break;","        // re-init local from example.js","        case 'node':","            local = (local.global.utility2_rollup || require('utility2'))","                .requireExampleJsFromReadme();","            break;","        }","        // export local","        local.global.local = local;","    }());","","","","    // run shared js-env code - function","    (function () {","        return;","    }());","    switch (local.modeJs) {","","","","    // run browser js-env code - function","    case 'browser':","        break;","","","","    // run node js-env code - function","    case 'node':","        break;","    }","","","","    // run shared js-env code - post-init","    (function () {","        return;","    }());","    switch (local.modeJs) {","","","","    // run browser js-env code - post-init","    case 'browser':","        // run tests","        local.nop(local.modeTest &&","            document.querySelector('#testRunButton1') &&","            document.querySelector('#testRunButton1').click());","        break;","","","","    // run node js-env code - post-init","    /* istanbul ignore next */","    case 'node':","        local.testCase_buildApidoc_default = local.testCase_buildApidoc_default || function (","            options,","            onError","        ) {","        /*","         * this function will test buildApidoc's default handling-behavior-behavior","         */","            options = { modulePathList: module.paths };","            local.buildApidoc(options, onError);","        };","","        local.testCase_buildApp_default = local.testCase_buildApp_default || function (","            options,","            onError","        ) {","        /*","         * this function will test buildApp's default handling-behavior-behavior","         */","            local.testCase_buildReadme_default(options, local.onErrorThrow);","            local.testCase_buildLib_default(options, local.onErrorThrow);","            local.testCase_buildTest_default(options, local.onErrorThrow);","            local.testCase_buildCustomOrg_default(options, local.onErrorThrow);","            options = [];","            local.buildApp(options, onError);","        };","","        local.testCase_buildCustomOrg_default = local.testCase_buildCustomOrg_default ||","            function (options, onError) {","            /*","             * this function will test buildCustomOrg's default handling-behavior","             */","                options = {};","                local.buildCustomOrg(options, onError);","            };","","        local.testCase_buildLib_default = local.testCase_buildLib_default || function (","            options,","            onError","        ) {","        /*","         * this function will test buildLib's default handling-behavior","         */","            options = {};","            local.buildLib(options, onError);","        };","","        local.testCase_buildReadme_default = local.testCase_buildReadme_default || function (","            options,","            onError","        ) {","        /*","         * this function will test buildReadme's default handling-behavior-behavior","         */","            options = {};","            local.buildReadme(options, onError);","        };","","        local.testCase_buildTest_default = local.testCase_buildTest_default || function (","            options,","            onError","        ) {","        /*","         * this function will test buildTest's default handling-behavior","         */","            options = {};","            local.buildTest(options, onError);","        };","","        local.testCase_webpage_default = local.testCase_webpage_default || function (","            options,","            onError","        ) {","        /*","         * this function will test webpage's default handling-behavior","         */","            options = { modeCoverageMerge: true, url: local.serverLocalHost + '?modeTest=1' };","            local.browserTest(options, onError);","        };","","        // run test-server","        local.testRunServer(local);","        break;","    }","}());",""],"l":{"12":2,"14":2,"19":2,"21":2,"23":2,"24":2,"25":2,"30":1,"37":2,"40":2,"43":1,"47":1,"50":1,"52":1,"55":2,"61":2,"62":2,"64":2,"70":1,"76":1,"82":2,"83":2,"85":2,"92":1,"95":1,"102":1,"109":1,"110":1,"113":1,"120":1,"121":1,"122":1,"123":1,"124":1,"125":1,"128":1,"133":2,"134":2,"137":1,"144":2,"145":2,"148":1,"155":2,"156":2,"159":1,"166":2,"167":2,"170":1,"177":1,"178":1,"182":1,"183":1}},"/home/travis/build/npmtest/node-npmtest-mailcomposer/lib.npmtest_mailcomposer.js":{"path":"/home/travis/build/npmtest/node-npmtest-mailcomposer/lib.npmtest_mailcomposer.js","s":{"1":2,"2":2,"3":2,"4":2,"5":2,"6":2,"7":2,"8":1,"9":2,"10":2,"11":2,"12":2,"13":1,"14":1,"15":1,"16":1},"b":{"1":[2,1,1,1],"2":[1,1,1,1],"3":[1,1],"4":[2,2],"5":[1,1]},"f":{"1":2,"2":2,"3":2},"fnMap":{"1":{"name":"(anonymous_1)","line":12,"loc":{"start":{"line":12,"column":1},"end":{"line":12,"column":13}}},"2":{"name":"(anonymous_2)","line":19,"loc":{"start":{"line":19,"column":5},"end":{"line":19,"column":17}}},"3":{"name":"(anonymous_3)","line":23,"loc":{"start":{"line":23,"column":24},"end":{"line":23,"column":36}}}},"statementMap":{"1":{"start":{"line":12,"column":0},"end":{"line":53,"column":5}},"2":{"start":{"line":14,"column":4},"end":{"line":14,"column":14}},"3":{"start":{"line":19,"column":4},"end":{"line":52,"column":9}},"4":{"start":{"line":21,"column":8},"end":{"line":21,"column":19}},"5":{"start":{"line":23,"column":8},"end":{"line":35,"column":13}},"6":{"start":{"line":24,"column":12},"end":{"line":34,"column":13}},"7":{"start":{"line":25,"column":16},"end":{"line":28,"column":30}},"8":{"start":{"line":30,"column":16},"end":{"line":33,"column":27}},"9":{"start":{"line":37,"column":8},"end":{"line":39,"column":21}},"10":{"start":{"line":41,"column":8},"end":{"line":41,"column":54}},"11":{"start":{"line":43,"column":8},"end":{"line":43,"column":57}},"12":{"start":{"line":45,"column":8},"end":{"line":51,"column":9}},"13":{"start":{"line":46,"column":12},"end":{"line":46,"column":63}},"14":{"start":{"line":48,"column":12},"end":{"line":48,"column":35}},"15":{"start":{"line":49,"column":12},"end":{"line":49,"column":49}},"16":{"start":{"line":50,"column":12},"end":{"line":50,"column":43}}},"branchMap":{"1":{"line":25,"type":"binary-expr","locations":[{"start":{"line":25,"column":23},"end":{"line":25,"column":62}},{"start":{"line":26,"column":20},"end":{"line":26,"column":70}},{"start":{"line":27,"column":20},"end":{"line":27,"column":71}},{"start":{"line":28,"column":20},"end":{"line":28,"column":29}}]},"2":{"line":30,"type":"binary-expr","locations":[{"start":{"line":30,"column":23},"end":{"line":30,"column":37}},{"start":{"line":31,"column":20},"end":{"line":31,"column":61}},{"start":{"line":32,"column":20},"end":{"line":32,"column":70}},{"start":{"line":33,"column":20},"end":{"line":33,"column":26}}]},"3":{"line":37,"type":"cond-expr","locations":[{"start":{"line":38,"column":14},"end":{"line":38,"column":20}},{"start":{"line":39,"column":14},"end":{"line":39,"column":20}}]},"4":{"line":41,"type":"binary-expr","locations":[{"start":{"line":41,"column":16},"end":{"line":41,"column":44}},{"start":{"line":41,"column":48},"end":{"line":41,"column":53}}]},"5":{"line":45,"type":"if","locations":[{"start":{"line":45,"column":8},"end":{"line":45,"column":8}},{"start":{"line":45,"column":8},"end":{"line":45,"column":8}}]}},"code":["/* istanbul instrument in package npmtest_mailcomposer */","/*jslint","    bitwise: true,","    browser: true,","    maxerr: 8,","    maxlen: 96,","    node: true,","    nomen: true,","    regexp: true,","    stupid: true","*/","(function () {","    'use strict';","    var local;","","","","    // run shared js-env code - pre-init","    (function () {","        // init local","        local = {};","        // init modeJs","        local.modeJs = (function () {","            try {","                return typeof navigator.userAgent === 'string' &&","                    typeof document.querySelector('body') === 'object' &&","                    typeof XMLHttpRequest.prototype.open === 'function' &&","                    'browser';","            } catch (errorCaughtBrowser) {","                return module.exports &&","                    typeof process.versions.node === 'string' &&","                    typeof require('http').createServer === 'function' &&","                    'node';","            }","        }());","        // init global","        local.global = local.modeJs === 'browser'","            ? window","            : global;","        // init utility2_rollup","        local = local.global.utility2_rollup || local;","        // init lib","        local.local = local.npmtest_mailcomposer = local;","        // init exports","        if (local.modeJs === 'browser') {","            local.global.utility2_npmtest_mailcomposer = local;","        } else {","            module.exports = local;","            module.exports.__dirname = __dirname;","            module.exports.module = module;","        }","    }());","}());",""],"l":{"12":2,"14":2,"19":2,"21":2,"23":2,"24":2,"25":2,"30":1,"37":2,"41":2,"43":2,"45":2,"46":1,"48":1,"49":1,"50":1}},"/home/travis/build/npmtest/node-npmtest-mailcomposer/example.js":{"path":"/home/travis/build/npmtest/node-npmtest-mailcomposer/example.js","s":{"1":2,"2":2,"3":2,"4":2,"5":2,"6":2,"7":2,"8":1,"9":2,"10":2,"11":2,"12":2,"13":1,"14":2,"15":2,"16":2,"17":2,"18":2,"19":0,"20":2,"21":1,"22":1,"23":1,"24":1,"25":1,"26":0,"27":0,"28":1,"29":1,"30":2,"31":0,"32":0,"33":0,"34":1,"35":2,"36":2,"37":2,"38":2,"39":2,"40":2,"41":0,"42":2,"43":2,"44":2,"45":1,"46":3,"47":1,"48":1,"49":1,"50":1,"51":1,"52":1,"53":1,"54":1,"55":1,"56":1,"57":0,"58":1,"59":6,"60":6,"61":1,"62":2,"63":0,"64":2,"65":1,"66":1,"67":0,"68":0,"69":0,"70":0,"71":0,"72":0,"73":0,"74":0,"75":0,"76":0,"77":0,"78":0,"79":0,"80":0,"81":0,"82":0,"83":0},"b":{"1":[2,1,1,1],"2":[1,1,1,1],"3":[1,1],"4":[2,2],"5":[1,1],"6":[1,1],"7":[2,0],"8":[2,1,1,1,1,1],"9":[0,2,0],"10":[1,1],"11":[2,1,1],"12":[1,0],"13":[0,2],"14":[2,0,0,0,0,0,0],"15":[0,2],"16":[2,0],"17":[1,1],"18":[0,1],"19":[1,2,0,2],"20":[1,0],"21":[1,1],"22":[0,0],"23":[0,0],"24":[0,0],"25":[0,0],"26":[0,0],"27":[0,0],"28":[0,0]},"f":{"1":2,"2":2,"3":2,"4":2,"5":2,"6":2,"7":2,"8":2,"9":3,"10":1,"11":6,"12":0},"fnMap":{"1":{"name":"(anonymous_1)","line":26,"loc":{"start":{"line":26,"column":1},"end":{"line":26,"column":13}}},"2":{"name":"(anonymous_2)","line":33,"loc":{"start":{"line":33,"column":5},"end":{"line":33,"column":17}}},"3":{"name":"(anonymous_3)","line":37,"loc":{"start":{"line":37,"column":24},"end":{"line":37,"column":36}}},"4":{"name":"(anonymous_4)","line":69,"loc":{"start":{"line":69,"column":31},"end":{"line":69,"column":48}},"skip":true},"5":{"name":"(anonymous_5)","line":78,"loc":{"start":{"line":78,"column":26},"end":{"line":78,"column":45}},"skip":true},"6":{"name":"(anonymous_6)","line":123,"loc":{"start":{"line":123,"column":33},"end":{"line":123,"column":48}},"skip":true},"7":{"name":"(anonymous_7)","line":125,"loc":{"start":{"line":125,"column":27},"end":{"line":125,"column":39}},"skip":true},"8":{"name":"(anonymous_8)","line":133,"loc":{"start":{"line":133,"column":59},"end":{"line":133,"column":74}},"skip":true},"9":{"name":"(anonymous_9)","line":143,"loc":{"start":{"line":143,"column":45},"end":{"line":143,"column":62}},"skip":true},"10":{"name":"(anonymous_10)","line":144,"loc":{"start":{"line":144,"column":73},"end":{"line":144,"column":92}},"skip":true},"11":{"name":"(anonymous_11)","line":272,"loc":{"start":{"line":272,"column":51},"end":{"line":272,"column":77}},"skip":true},"12":{"name":"(anonymous_12)","line":314,"loc":{"start":{"line":314,"column":32},"end":{"line":314,"column":61}},"skip":true}},"statementMap":{"1":{"start":{"line":26,"column":0},"end":{"line":325,"column":5}},"2":{"start":{"line":28,"column":4},"end":{"line":28,"column":14}},"3":{"start":{"line":33,"column":4},"end":{"line":60,"column":9}},"4":{"start":{"line":35,"column":8},"end":{"line":35,"column":19}},"5":{"start":{"line":37,"column":8},"end":{"line":49,"column":13}},"6":{"start":{"line":38,"column":12},"end":{"line":48,"column":13}},"7":{"start":{"line":39,"column":16},"end":{"line":42,"column":30}},"8":{"start":{"line":44,"column":16},"end":{"line":47,"column":27}},"9":{"start":{"line":51,"column":8},"end":{"line":53,"column":21}},"10":{"start":{"line":55,"column":8},"end":{"line":57,"column":45}},"11":{"start":{"line":59,"column":8},"end":{"line":59,"column":35}},"12":{"start":{"line":61,"column":4},"end":{"line":324,"column":5}},"13":{"start":{"line":69,"column":8},"end":{"line":121,"column":10},"skip":true},"14":{"start":{"line":70,"column":12},"end":{"line":88,"column":13},"skip":true},"15":{"start":{"line":76,"column":16},"end":{"line":87,"column":19},"skip":true},"16":{"start":{"line":79,"column":20},"end":{"line":86,"column":21},"skip":true},"17":{"start":{"line":82,"column":24},"end":{"line":82,"column":43},"skip":true},"18":{"start":{"line":83,"column":24},"end":{"line":83,"column":30},"skip":true},"19":{"start":{"line":85,"column":24},"end":{"line":85,"column":49},"skip":true},"20":{"start":{"line":89,"column":12},"end":{"line":107,"column":13},"skip":true},"21":{"start":{"line":92,"column":16},"end":{"line":102,"column":17},"skip":true},"22":{"start":{"line":93,"column":20},"end":{"line":93,"column":86},"skip":true},"23":{"start":{"line":94,"column":20},"end":{"line":95,"column":45},"skip":true},"24":{"start":{"line":96,"column":20},"end":{"line":96,"column":42},"skip":true},"25":{"start":{"line":97,"column":20},"end":{"line":97,"column":48},"skip":true},"26":{"start":{"line":100,"column":20},"end":{"line":100,"column":85},"skip":true},"27":{"start":{"line":101,"column":20},"end":{"line":101,"column":96},"skip":true},"28":{"start":{"line":103,"column":16},"end":{"line":103,"column":22},"skip":true},"29":{"start":{"line":106,"column":16},"end":{"line":106,"column":22},"skip":true},"30":{"start":{"line":108,"column":12},"end":{"line":120,"column":13},"skip":true},"31":{"start":{"line":114,"column":16},"end":{"line":119,"column":17},"skip":true},"32":{"start":{"line":116,"column":20},"end":{"line":116,"column":78},"skip":true},"33":{"start":{"line":118,"column":20},"end":{"line":118,"column":47},"skip":true},"34":{"start":{"line":123,"column":8},"end":{"line":141,"column":11},"skip":true},"35":{"start":{"line":124,"column":12},"end":{"line":124,"column":54},"skip":true},"36":{"start":{"line":125,"column":12},"end":{"line":140,"column":14},"skip":true},"37":{"start":{"line":126,"column":16},"end":{"line":126,"column":28},"skip":true},"38":{"start":{"line":127,"column":16},"end":{"line":127,"column":69},"skip":true},"39":{"start":{"line":128,"column":16},"end":{"line":128,"column":75},"skip":true},"40":{"start":{"line":129,"column":16},"end":{"line":131,"column":17},"skip":true},"41":{"start":{"line":130,"column":20},"end":{"line":130,"column":27},"skip":true},"42":{"start":{"line":133,"column":16},"end":{"line":137,"column":36},"skip":true},"43":{"start":{"line":134,"column":20},"end":{"line":136,"column":55},"skip":true},"44":{"start":{"line":139,"column":16},"end":{"line":139,"column":57},"skip":true},"45":{"start":{"line":143,"column":8},"end":{"line":147,"column":11},"skip":true},"46":{"start":{"line":144,"column":12},"end":{"line":146,"column":15},"skip":true},"47":{"start":{"line":145,"column":16},"end":{"line":145,"column":70},"skip":true},"48":{"start":{"line":149,"column":8},"end":{"line":149,"column":31},"skip":true},"49":{"start":{"line":150,"column":8},"end":{"line":150,"column":14},"skip":true},"50":{"start":{"line":158,"column":8},"end":{"line":158,"column":31},"skip":true},"51":{"start":{"line":160,"column":8},"end":{"line":160,"column":33},"skip":true},"52":{"start":{"line":161,"column":8},"end":{"line":161,"column":37},"skip":true},"53":{"start":{"line":162,"column":8},"end":{"line":162,"column":35},"skip":true},"54":{"start":{"line":164,"column":8},"end":{"line":164,"column":50},"skip":true},"55":{"start":{"line":166,"column":8},"end":{"line":256,"column":2},"skip":true},"56":{"start":{"line":258,"column":8},"end":{"line":286,"column":9},"skip":true},"57":{"start":{"line":259,"column":12},"end":{"line":269,"column":14},"skip":true},"58":{"start":{"line":271,"column":12},"end":{"line":285,"column":19},"skip":true},"59":{"start":{"line":274,"column":20},"end":{"line":274,"column":35},"skip":true},"60":{"start":{"line":275,"column":20},"end":{"line":284,"column":21},"skip":true},"61":{"start":{"line":277,"column":24},"end":{"line":277,"column":64},"skip":true},"62":{"start":{"line":279,"column":24},"end":{"line":279,"column":40},"skip":true},"63":{"start":{"line":281,"column":24},"end":{"line":281,"column":40},"skip":true},"64":{"start":{"line":283,"column":24},"end":{"line":283,"column":39},"skip":true},"65":{"start":{"line":288,"column":8},"end":{"line":290,"column":9},"skip":true},"66":{"start":{"line":289,"column":12},"end":{"line":289,"column":18},"skip":true},"67":{"start":{"line":291,"column":8},"end":{"line":293,"column":54},"skip":true},"68":{"start":{"line":294,"column":8},"end":{"line":301,"column":37},"skip":true},"69":{"start":{"line":302,"column":8},"end":{"line":302,"column":82},"skip":true},"70":{"start":{"line":305,"column":8},"end":{"line":307,"column":9},"skip":true},"71":{"start":{"line":306,"column":12},"end":{"line":306,"column":82},"skip":true},"72":{"start":{"line":309,"column":8},"end":{"line":311,"column":9},"skip":true},"73":{"start":{"line":310,"column":12},"end":{"line":310,"column":18},"skip":true},"74":{"start":{"line":312,"column":8},"end":{"line":312,"column":54},"skip":true},"75":{"start":{"line":313,"column":8},"end":{"line":313,"column":69},"skip":true},"76":{"start":{"line":314,"column":8},"end":{"line":322,"column":36},"skip":true},"77":{"start":{"line":315,"column":12},"end":{"line":315,"column":61},"skip":true},"78":{"start":{"line":316,"column":12},"end":{"line":319,"column":13},"skip":true},"79":{"start":{"line":317,"column":16},"end":{"line":317,"column":75},"skip":true},"80":{"start":{"line":318,"column":16},"end":{"line":318,"column":23},"skip":true},"81":{"start":{"line":320,"column":12},"end":{"line":320,"column":38},"skip":true},"82":{"start":{"line":321,"column":12},"end":{"line":321,"column":27},"skip":true},"83":{"start":{"line":323,"column":8},"end":{"line":323,"column":14},"skip":true}},"branchMap":{"1":{"line":39,"type":"binary-expr","locations":[{"start":{"line":39,"column":23},"end":{"line":39,"column":62}},{"start":{"line":40,"column":20},"end":{"line":40,"column":70}},{"start":{"line":41,"column":20},"end":{"line":41,"column":71}},{"start":{"line":42,"column":20},"end":{"line":42,"column":29}}]},"2":{"line":44,"type":"binary-expr","locations":[{"start":{"line":44,"column":23},"end":{"line":44,"column":37}},{"start":{"line":45,"column":20},"end":{"line":45,"column":61}},{"start":{"line":46,"column":20},"end":{"line":46,"column":70}},{"start":{"line":47,"column":20},"end":{"line":47,"column":26}}]},"3":{"line":51,"type":"cond-expr","locations":[{"start":{"line":52,"column":14},"end":{"line":52,"column":20}},{"start":{"line":53,"column":14},"end":{"line":53,"column":20}}]},"4":{"line":55,"type":"binary-expr","locations":[{"start":{"line":55,"column":16},"end":{"line":55,"column":44}},{"start":{"line":55,"column":49},"end":{"line":57,"column":43}}]},"5":{"line":55,"type":"cond-expr","locations":[{"start":{"line":56,"column":14},"end":{"line":56,"column":56}},{"start":{"line":57,"column":14},"end":{"line":57,"column":43}}]},"6":{"line":61,"type":"switch","locations":[{"start":{"line":68,"column":4},"end":{"line":150,"column":14},"skip":true},{"start":{"line":156,"column":4},"end":{"line":323,"column":14},"skip":true}]},"7":{"line":70,"type":"if","locations":[{"start":{"line":70,"column":12},"end":{"line":70,"column":12},"skip":true},{"start":{"line":70,"column":12},"end":{"line":70,"column":12},"skip":true}]},"8":{"line":70,"type":"binary-expr","locations":[{"start":{"line":70,"column":16},"end":{"line":70,"column":22},"skip":true},{"start":{"line":70,"column":27},"end":{"line":70,"column":32},"skip":true},{"start":{"line":71,"column":20},"end":{"line":71,"column":39},"skip":true},{"start":{"line":72,"column":20},"end":{"line":72,"column":49},"skip":true},{"start":{"line":73,"column":20},"end":{"line":73,"column":58},"skip":true},{"start":{"line":74,"column":20},"end":{"line":74,"column":69},"skip":true}]},"9":{"line":79,"type":"switch","locations":[{"start":{"line":80,"column":20},"end":{"line":80,"column":33},"skip":true},{"start":{"line":81,"column":20},"end":{"line":83,"column":30},"skip":true},{"start":{"line":84,"column":20},"end":{"line":85,"column":49},"skip":true}]},"10":{"line":89,"type":"switch","locations":[{"start":{"line":90,"column":12},"end":{"line":103,"column":22},"skip":true},{"start":{"line":105,"column":12},"end":{"line":106,"column":22},"skip":true}]},"11":{"line":89,"type":"binary-expr","locations":[{"start":{"line":89,"column":20},"end":{"line":89,"column":25},"skip":true},{"start":{"line":89,"column":29},"end":{"line":89,"column":48},"skip":true},{"start":{"line":89,"column":52},"end":{"line":89,"column":74},"skip":true}]},"12":{"line":92,"type":"if","locations":[{"start":{"line":92,"column":16},"end":{"line":92,"column":16},"skip":true},{"start":{"line":92,"column":16},"end":{"line":92,"column":16},"skip":true}]},"13":{"line":108,"type":"if","locations":[{"start":{"line":108,"column":12},"end":{"line":108,"column":12},"skip":true},{"start":{"line":108,"column":12},"end":{"line":108,"column":12},"skip":true}]},"14":{"line":108,"type":"binary-expr","locations":[{"start":{"line":108,"column":16},"end":{"line":108,"column":61},"skip":true},{"start":{"line":108,"column":66},"end":{"line":108,"column":72},"skip":true},{"start":{"line":108,"column":77},"end":{"line":108,"column":82},"skip":true},{"start":{"line":109,"column":20},"end":{"line":109,"column":39},"skip":true},{"start":{"line":110,"column":20},"end":{"line":110,"column":49},"skip":true},{"start":{"line":111,"column":20},"end":{"line":111,"column":58},"skip":true},{"start":{"line":112,"column":20},"end":{"line":112,"column":68},"skip":true}]},"15":{"line":129,"type":"if","locations":[{"start":{"line":129,"column":16},"end":{"line":129,"column":16},"skip":true},{"start":{"line":129,"column":16},"end":{"line":129,"column":16},"skip":true}]},"16":{"line":134,"type":"cond-expr","locations":[{"start":{"line":135,"column":26},"end":{"line":135,"column":29},"skip":true},{"start":{"line":136,"column":26},"end":{"line":136,"column":54},"skip":true}]},"17":{"line":164,"type":"binary-expr","locations":[{"start":{"line":164,"column":27},"end":{"line":164,"column":43},"skip":true},{"start":{"line":164,"column":47},"end":{"line":164,"column":49},"skip":true}]},"18":{"line":258,"type":"if","locations":[{"start":{"line":258,"column":8},"end":{"line":258,"column":8},"skip":true},{"start":{"line":258,"column":8},"end":{"line":258,"column":8},"skip":true}]},"19":{"line":275,"type":"switch","locations":[{"start":{"line":276,"column":20},"end":{"line":277,"column":64},"skip":true},{"start":{"line":278,"column":20},"end":{"line":279,"column":40},"skip":true},{"start":{"line":280,"column":20},"end":{"line":281,"column":40},"skip":true},{"start":{"line":282,"column":20},"end":{"line":283,"column":39},"skip":true}]},"20":{"line":288,"type":"if","locations":[{"start":{"line":288,"column":8},"end":{"line":288,"column":8},"skip":true},{"start":{"line":288,"column":8},"end":{"line":288,"column":8},"skip":true}]},"21":{"line":288,"type":"binary-expr","locations":[{"start":{"line":288,"column":12},"end":{"line":288,"column":40},"skip":true},{"start":{"line":288,"column":44},"end":{"line":288,"column":67},"skip":true}]},"22":{"line":292,"type":"binary-expr","locations":[{"start":{"line":292,"column":12},"end":{"line":292,"column":50},"skip":true},{"start":{"line":293,"column":12},"end":{"line":293,"column":53},"skip":true}]},"23":{"line":295,"type":"binary-expr","locations":[{"start":{"line":295,"column":12},"end":{"line":295,"column":70},"skip":true},{"start":{"line":296,"column":12},"end":{"line":301,"column":36},"skip":true}]},"24":{"line":302,"type":"binary-expr","locations":[{"start":{"line":302,"column":43},"end":{"line":302,"column":75},"skip":true},{"start":{"line":302,"column":79},"end":{"line":302,"column":81},"skip":true}]},"25":{"line":305,"type":"if","locations":[{"start":{"line":305,"column":8},"end":{"line":305,"column":8},"skip":true},{"start":{"line":305,"column":8},"end":{"line":305,"column":8},"skip":true}]},"26":{"line":309,"type":"if","locations":[{"start":{"line":309,"column":8},"end":{"line":309,"column":8},"skip":true},{"start":{"line":309,"column":8},"end":{"line":309,"column":8},"skip":true}]},"27":{"line":312,"type":"binary-expr","locations":[{"start":{"line":312,"column":27},"end":{"line":312,"column":43},"skip":true},{"start":{"line":312,"column":47},"end":{"line":312,"column":53},"skip":true}]},"28":{"line":316,"type":"if","locations":[{"start":{"line":316,"column":12},"end":{"line":316,"column":12},"skip":true},{"start":{"line":316,"column":12},"end":{"line":316,"column":12},"skip":true}]}},"code":["/*","example.js","","quickstart example","","instruction","    1. save this script as example.js","    2. run the shell command:","        $ npm install npmtest-mailcomposer && PORT=8081 node example.js","    3. play with the browser-demo on http://127.0.0.1:8081","*/","","","","/* istanbul instrument in package npmtest_mailcomposer */","/*jslint","    bitwise: true,","    browser: true,","    maxerr: 8,","    maxlen: 96,","    node: true,","    nomen: true,","    regexp: true,","    stupid: true","*/","(function () {","    'use strict';","    var local;","","","","    // run shared js-env code - pre-init","    (function () {","        // init local","        local = {};","        // init modeJs","        local.modeJs = (function () {","            try {","                return typeof navigator.userAgent === 'string' &&","                    typeof document.querySelector('body') === 'object' &&","                    typeof XMLHttpRequest.prototype.open === 'function' &&","                    'browser';","            } catch (errorCaughtBrowser) {","                return module.exports &&","                    typeof process.versions.node === 'string' &&","                    typeof require('http').createServer === 'function' &&","                    'node';","            }","        }());","        // init global","        local.global = local.modeJs === 'browser'","            ? window","            : global;","        // init utility2_rollup","        local = local.global.utility2_rollup || (local.modeJs === 'browser'","            ? local.global.utility2_npmtest_mailcomposer","            : global.utility2_moduleExports);","        // export local","        local.global.local = local;","    }());","    switch (local.modeJs) {","","","","    // post-init","    // run browser js-env code - post-init","    /* istanbul ignore next */","    case 'browser':","        local.testRunBrowser = function (event) {","            if (!event || (event &&","                    event.currentTarget &&","                    event.currentTarget.className &&","                    event.currentTarget.className.includes &&","                    event.currentTarget.className.includes('onreset'))) {","                // reset output","                Array.from(","                    document.querySelectorAll('body > .resettable')","                ).forEach(function (element) {","                    switch (element.tagName) {","                    case 'INPUT':","                    case 'TEXTAREA':","                        element.value = '';","                        break;","                    default:","                        element.textContent = '';","                    }","                });","            }","            switch (event && event.currentTarget && event.currentTarget.id) {","            case 'testRunButton1':","                // show tests","                if (document.querySelector('#testReportDiv1').style.display === 'none') {","                    document.querySelector('#testReportDiv1').style.display = 'block';","                    document.querySelector('#testRunButton1').textContent =","                        'hide internal test';","                    local.modeTest = true;","                    local.testRunDefault(local);","                // hide tests","                } else {","                    document.querySelector('#testReportDiv1').style.display = 'none';","                    document.querySelector('#testRunButton1').textContent = 'run internal test';","                }","                break;","            // custom-case","            default:","                break;","            }","            if (document.querySelector('#inputTextareaEval1') && (!event || (event &&","                    event.currentTarget &&","                    event.currentTarget.className &&","                    event.currentTarget.className.includes &&","                    event.currentTarget.className.includes('oneval')))) {","                // try to eval input-code","                try {","                    /*jslint evil: true*/","                    eval(document.querySelector('#inputTextareaEval1').value);","                } catch (errorCaught) {","                    console.error(errorCaught);","                }","            }","        };","        // log stderr and stdout to #outputTextareaStdout1","        ['error', 'log'].forEach(function (key) {","            console[key + '_original'] = console[key];","            console[key] = function () {","                var element;","                console[key + '_original'].apply(console, arguments);","                element = document.querySelector('#outputTextareaStdout1');","                if (!element) {","                    return;","                }","                // append text to #outputTextareaStdout1","                element.value += Array.from(arguments).map(function (arg) {","                    return typeof arg === 'string'","                        ? arg","                        : JSON.stringify(arg, null, 4);","                }).join(' ') + '\\n';","                // scroll textarea to bottom","                element.scrollTop = element.scrollHeight;","            };","        });","        // init event-handling","        ['change', 'click', 'keyup'].forEach(function (event) {","            Array.from(document.querySelectorAll('.on' + event)).forEach(function (element) {","                element.addEventListener(event, local.testRunBrowser);","            });","        });","        // run tests","        local.testRunBrowser();","        break;","","","","    // run node js-env code - post-init","    /* istanbul ignore next */","    case 'node':","        // export local","        module.exports = local;","        // require modules","        local.fs = require('fs');","        local.http = require('http');","        local.url = require('url');","        // init assets","        local.assetsDict = local.assetsDict || {};","        /* jslint-ignore-begin */","        local.assetsDict['/assets.index.template.html'] = '\\","<!doctype html>\\n\\","<html lang=\"en\">\\n\\","<head>\\n\\","<meta charset=\"UTF-8\">\\n\\","<meta name=\"viewport\" content=\"width=device-width, initial-scale=1\">\\n\\","<title>{{env.npm_package_name}} (v{{env.npm_package_version}})</title>\\n\\","<style>\\n\\","/*csslint\\n\\","    box-sizing: false,\\n\\","    universal-selector: false\\n\\","*/\\n\\","* {\\n\\","    box-sizing: border-box;\\n\\","}\\n\\","body {\\n\\","    background: #dde;\\n\\","    font-family: Arial, Helvetica, sans-serif;\\n\\","    margin: 2rem;\\n\\","}\\n\\","body > * {\\n\\","    margin-bottom: 1rem;\\n\\","}\\n\\",".utility2FooterDiv {\\n\\","    margin-top: 20px;\\n\\","    text-align: center;\\n\\","}\\n\\","</style>\\n\\","<style>\\n\\","/*csslint\\n\\","*/\\n\\","textarea {\\n\\","    font-family: monospace;\\n\\","    height: 10rem;\\n\\","    width: 100%;\\n\\","}\\n\\","textarea[readonly] {\\n\\","    background: #ddd;\\n\\","}\\n\\","</style>\\n\\","</head>\\n\\","<body>\\n\\","<!-- utility2-comment\\n\\","<div id=\"ajaxProgressDiv1\" style=\"background: #d00; height: 2px; left: 0; margin: 0; padding: 0; position: fixed; top: 0; transition: background 0.5s, width 1.5s; width: 25%;\"></div>\\n\\","utility2-comment -->\\n\\","<h1>\\n\\","<!-- utility2-comment\\n\\","    <a\\n\\","        {{#if env.npm_package_homepage}}\\n\\","        href=\"{{env.npm_package_homepage}}\"\\n\\","        {{/if env.npm_package_homepage}}\\n\\","        target=\"_blank\"\\n\\","    >\\n\\","utility2-comment -->\\n\\","        {{env.npm_package_name}} (v{{env.npm_package_version}})\\n\\","<!-- utility2-comment\\n\\","    </a>\\n\\","utility2-comment -->\\n\\","</h1>\\n\\","<h3>{{env.npm_package_description}}</h3>\\n\\","<!-- utility2-comment\\n\\","<h4><a download href=\"assets.app.js\">download standalone app</a></h4>\\n\\","<button class=\"onclick onreset\" id=\"testRunButton1\">run internal test</button><br>\\n\\","<div id=\"testReportDiv1\" style=\"display: none;\"></div>\\n\\","utility2-comment -->\\n\\","\\n\\","\\n\\","\\n\\","<label>stderr and stdout</label>\\n\\","<textarea class=\"resettable\" id=\"outputTextareaStdout1\" readonly></textarea>\\n\\","<!-- utility2-comment\\n\\","{{#if isRollup}}\\n\\","<script src=\"assets.app.js\"></script>\\n\\","{{#unless isRollup}}\\n\\","utility2-comment -->\\n\\","<script src=\"assets.utility2.rollup.js\"></script>\\n\\","<script src=\"jsonp.utility2._stateInit?callback=window.utility2._stateInit\"></script>\\n\\","<script src=\"assets.npmtest_mailcomposer.rollup.js\"></script>\\n\\","<script src=\"assets.example.js\"></script>\\n\\","<script src=\"assets.test.js\"></script>\\n\\","<!-- utility2-comment\\n\\","{{/if isRollup}}\\n\\","utility2-comment -->\\n\\","<div class=\"utility2FooterDiv\">\\n\\","    [ this app was created with\\n\\","    <a href=\"https://github.com/kaizhu256/node-utility2\" target=\"_blank\">utility2</a>\\n\\","    ]\\n\\","</div>\\n\\","</body>\\n\\","</html>\\n\\","';","        /* jslint-ignore-end */","        if (local.templateRender) {","            local.assetsDict['/'] = local.templateRender(","                local.assetsDict['/assets.index.template.html'],","                {","                    env: local.objectSetDefault(local.env, {","                        npm_package_description: 'the greatest app in the world!',","                        npm_package_name: 'my-app',","                        npm_package_nameAlias: 'my_app',","                        npm_package_version: '0.0.1'","                    })","                }","            );","        } else {","            local.assetsDict['/'] = local.assetsDict['/assets.index.template.html']","                .replace((/\\{\\{env\\.(\\w+?)\\}\\}/g), function (match0, match1) {","                    // jslint-hack","                    String(match0);","                    switch (match1) {","                    case 'npm_package_description':","                        return 'the greatest app in the world!';","                    case 'npm_package_name':","                        return 'my-app';","                    case 'npm_package_nameAlias':","                        return 'my_app';","                    case 'npm_package_version':","                        return '0.0.1';","                    }","                });","        }","        // run the cli","        if (local.global.utility2_rollup || module !== require.main) {","            break;","        }","        local.assetsDict['/assets.example.js'] =","            local.assetsDict['/assets.example.js'] ||","            local.fs.readFileSync(__filename, 'utf8');","        local.assetsDict['/assets.npmtest_mailcomposer.rollup.js'] =","            local.assetsDict['/assets.npmtest_mailcomposer.rollup.js'] ||","            local.fs.readFileSync(","                // buildCustomOrg-hack","                local.npmtest_mailcomposer.__dirname +","                    '/lib.npmtest_mailcomposer.js',","                'utf8'","            ).replace((/^#!/), '//');","        local.assetsDict['/favicon.ico'] = local.assetsDict['/favicon.ico'] || '';","        // if $npm_config_timeout_exit exists,","        // then exit this process after $npm_config_timeout_exit ms","        if (Number(process.env.npm_config_timeout_exit)) {","            setTimeout(process.exit, Number(process.env.npm_config_timeout_exit));","        }","        // start server","        if (local.global.utility2_serverHttp1) {","            break;","        }","        process.env.PORT = process.env.PORT || '8081';","        console.error('server starting on port ' + process.env.PORT);","        local.http.createServer(function (request, response) {","            request.urlParsed = local.url.parse(request.url);","            if (local.assetsDict[request.urlParsed.pathname] !== undefined) {","                response.end(local.assetsDict[request.urlParsed.pathname]);","                return;","            }","            response.statusCode = 404;","            response.end();","        }).listen(process.env.PORT);","        break;","    }","}());",""],"l":{"26":2,"28":2,"33":2,"35":2,"37":2,"38":2,"39":2,"44":1,"51":2,"55":2,"59":2,"61":2,"69":1,"70":2,"76":2,"79":2,"82":2,"83":2,"85":1,"89":2,"92":1,"93":1,"94":1,"96":1,"97":1,"100":1,"101":1,"103":1,"106":1,"108":2,"114":1,"116":1,"118":1,"123":1,"124":2,"125":2,"126":2,"127":2,"128":2,"129":2,"130":1,"133":2,"134":2,"139":2,"143":1,"144":3,"145":1,"149":1,"150":1,"158":1,"160":1,"161":1,"162":1,"164":1,"166":1,"258":1,"259":1,"271":1,"274":6,"275":6,"277":1,"279":2,"281":1,"283":2,"288":1,"289":1,"291":1,"294":1,"302":1,"305":1,"306":1,"309":1,"310":1,"312":1,"313":1,"314":1,"315":1,"316":1,"317":1,"318":1,"320":1,"321":1,"323":1}},"/home/travis/build/npmtest/node-npmtest-mailcomposer/node_modules/mailcomposer/lib/mailcomposer.js":{"path":"/home/travis/build/npmtest/node-npmtest-mailcomposer/node_modules/mailcomposer/lib/mailcomposer.js","s":{"1":1,"2":1,"3":1,"4":0,"5":1,"6":1,"7":0,"8":0,"9":0,"10":0,"11":1,"12":0,"13":0,"14":0,"15":0,"16":0,"17":0,"18":0,"19":0,"20":0,"21":0,"22":0,"23":0,"24":0,"25":0,"26":0,"27":0,"28":0,"29":0,"30":0,"31":0,"32":0,"33":0,"34":0,"35":0,"36":0,"37":0,"38":0,"39":1,"40":0,"41":0,"42":0,"43":0,"44":0,"45":0,"46":0,"47":0,"48":0,"49":0,"50":0,"51":0,"52":0,"53":0,"54":0,"55":0,"56":0,"57":0,"58":0,"59":0,"60":0,"61":0,"62":0,"63":0,"64":0,"65":0,"66":0,"67":0,"68":0,"69":0,"70":0,"71":0,"72":0,"73":0,"74":1,"75":0,"76":0,"77":0,"78":0,"79":0,"80":0,"81":0,"82":0,"83":0,"84":0,"85":0,"86":0,"87":0,"88":0,"89":0,"90":0,"91":0,"92":0,"93":0,"94":0,"95":0,"96":0,"97":0,"98":0,"99":0,"100":0,"101":0,"102":0,"103":0,"104":0,"105":0,"106":0,"107":0,"108":0,"109":0,"110":0,"111":0,"112":0,"113":0,"114":0,"115":0,"116":0,"117":0,"118":0,"119":0,"120":0,"121":0,"122":1,"123":0,"124":0,"125":0,"126":0,"127":0,"128":0,"129":0,"130":0,"131":0,"132":0,"133":0,"134":0,"135":1,"136":0,"137":0,"138":0,"139":0,"140":0,"141":0,"142":0,"143":0,"144":0,"145":1,"146":0,"147":0,"148":0,"149":0,"150":0,"151":0,"152":0,"153":0,"154":1,"155":0,"156":0,"157":0,"158":0,"159":0,"160":0,"161":0,"162":0,"163":0,"164":0,"165":0,"166":0,"167":0,"168":0,"169":0,"170":0,"171":0,"172":0,"173":0,"174":0,"175":0,"176":0,"177":0,"178":1,"179":0,"180":0,"181":0,"182":0,"183":0,"184":0,"185":0,"186":0,"187":0,"188":0,"189":0,"190":0},"b":{"1":[0,0],"2":[0,0],"3":[0,0],"4":[0,0,0],"5":[0,0],"6":[0,0],"7":[0,0],"8":[0,0],"9":[0,0],"10":[0,0],"11":[0,0],"12":[0,0],"13":[0,0],"14":[0,0],"15":[0,0],"16":[0,0],"17":[0,0],"18":[0,0],"19":[0,0,0,0],"20":[0,0],"21":[0,0],"22":[0,0],"23":[0,0],"24":[0,0],"25":[0,0],"26":[0,0,0],"27":[0,0],"28":[0,0],"29":[0,0],"30":[0,0],"31":[0,0],"32":[0,0],"33":[0,0],"34":[0,0],"35":[0,0],"36":[0,0],"37":[0,0],"38":[0,0],"39":[0,0,0,0,0],"40":[0,0],"41":[0,0],"42":[0,0],"43":[0,0],"44":[0,0,0,0,0],"45":[0,0],"46":[0,0],"47":[0,0],"48":[0,0],"49":[0,0,0,0,0],"50":[0,0],"51":[0,0],"52":[0,0],"53":[0,0],"54":[0,0,0,0,0],"55":[0,0],"56":[0,0],"57":[0,0],"58":[0,0],"59":[0,0],"60":[0,0],"61":[0,0],"62":[0,0],"63":[0,0],"64":[0,0],"65":[0,0,0,0],"66":[0,0],"67":[0,0],"68":[0,0],"69":[0,0],"70":[0,0],"71":[0,0],"72":[0,0],"73":[0,0],"74":[0,0],"75":[0,0],"76":[0,0],"77":[0,0,0],"78":[0,0],"79":[0,0],"80":[0,0],"81":[0,0],"82":[0,0],"83":[0,0],"84":[0,0],"85":[0,0],"86":[0,0],"87":[0,0],"88":[0,0],"89":[0,0],"90":[0,0],"91":[0,0],"92":[0,0],"93":[0,0],"94":[0,0],"95":[0,0],"96":[0,0],"97":[0,0],"98":[0,0],"99":[0,0],"100":[0,0],"101":[0,0],"102":[0,0],"103":[0,0],"104":[0,0],"105":[0,0],"106":[0,0],"107":[0,0]},"f":{"1":0,"2":0,"3":0,"4":0,"5":0,"6":0,"7":0,"8":0,"9":0,"10":0,"11":0,"12":0,"13":0,"14":0,"15":0,"16":0,"17":0,"18":0,"19":0,"20":0,"21":0},"fnMap":{"1":{"name":"(anonymous_1)","line":6,"loc":{"start":{"line":6,"column":17},"end":{"line":6,"column":33}}},"2":{"name":"MailComposer","line":18,"loc":{"start":{"line":18,"column":0},"end":{"line":18,"column":28}}},"3":{"name":"(anonymous_3)","line":30,"loc":{"start":{"line":30,"column":33},"end":{"line":30,"column":45}}},"4":{"name":"(anonymous_4)","line":32,"loc":{"start":{"line":32,"column":47},"end":{"line":32,"column":70}}},"5":{"name":"(anonymous_5)","line":75,"loc":{"start":{"line":75,"column":14},"end":{"line":75,"column":32}}},"6":{"name":"(anonymous_6)","line":76,"loc":{"start":{"line":76,"column":43},"end":{"line":76,"column":59}}},"7":{"name":"(anonymous_7)","line":101,"loc":{"start":{"line":101,"column":40},"end":{"line":101,"column":63}}},"8":{"name":"(anonymous_8)","line":102,"loc":{"start":{"line":102,"column":65},"end":{"line":102,"column":90}}},"9":{"name":"(anonymous_9)","line":167,"loc":{"start":{"line":167,"column":41},"end":{"line":167,"column":63}}},"10":{"name":"(anonymous_10)","line":170,"loc":{"start":{"line":170,"column":40},"end":{"line":170,"column":62}}},"11":{"name":"(anonymous_11)","line":182,"loc":{"start":{"line":182,"column":41},"end":{"line":182,"column":53}}},"12":{"name":"(anonymous_12)","line":240,"loc":{"start":{"line":240,"column":12},"end":{"line":240,"column":35}}},"13":{"name":"(anonymous_13)","line":297,"loc":{"start":{"line":297,"column":38},"end":{"line":297,"column":60}}},"14":{"name":"(anonymous_14)","line":321,"loc":{"start":{"line":321,"column":114},"end":{"line":321,"column":133}}},"15":{"name":"(anonymous_15)","line":338,"loc":{"start":{"line":338,"column":44},"end":{"line":338,"column":66}}},"16":{"name":"(anonymous_16)","line":356,"loc":{"start":{"line":356,"column":31},"end":{"line":356,"column":54}}},"17":{"name":"(anonymous_17)","line":373,"loc":{"start":{"line":373,"column":40},"end":{"line":373,"column":62}}},"18":{"name":"(anonymous_18)","line":393,"loc":{"start":{"line":393,"column":38},"end":{"line":393,"column":61}}},"19":{"name":"(anonymous_19)","line":407,"loc":{"start":{"line":407,"column":44},"end":{"line":407,"column":75}}},"20":{"name":"(anonymous_20)","line":473,"loc":{"start":{"line":473,"column":41},"end":{"line":473,"column":60}}},"21":{"name":"(anonymous_21)","line":489,"loc":{"start":{"line":489,"column":32},"end":{"line":489,"column":48}}}},"statementMap":{"1":{"start":{"line":3,"column":0},"end":{"line":3,"column":37}},"2":{"start":{"line":4,"column":0},"end":{"line":4,"column":33}},"3":{"start":{"line":6,"column":0},"end":{"line":8,"column":2}},"4":{"start":{"line":7,"column":4},"end":{"line":7,"column":44}},"5":{"start":{"line":10,"column":0},"end":{"line":10,"column":43}},"6":{"start":{"line":18,"column":0},"end":{"line":25,"column":1}},"7":{"start":{"line":19,"column":4},"end":{"line":21,"column":5}},"8":{"start":{"line":20,"column":8},"end":{"line":20,"column":38}},"9":{"start":{"line":23,"column":4},"end":{"line":23,"column":27}},"10":{"start":{"line":24,"column":4},"end":{"line":24,"column":25}},"11":{"start":{"line":30,"column":0},"end":{"line":93,"column":2}},"12":{"start":{"line":31,"column":4},"end":{"line":31,"column":48}},"13":{"start":{"line":32,"column":4},"end":{"line":34,"column":13}},"14":{"start":{"line":33,"column":8},"end":{"line":33,"column":62}},"15":{"start":{"line":35,"column":4},"end":{"line":35,"column":62}},"16":{"start":{"line":37,"column":4},"end":{"line":37,"column":78}},"17":{"start":{"line":38,"column":4},"end":{"line":38,"column":57}},"18":{"start":{"line":39,"column":4},"end":{"line":39,"column":133}},"19":{"start":{"line":42,"column":4},"end":{"line":55,"column":5}},"20":{"start":{"line":43,"column":8},"end":{"line":43,"column":61}},"21":{"start":{"line":44,"column":11},"end":{"line":55,"column":5}},"22":{"start":{"line":45,"column":8},"end":{"line":45,"column":43}},"23":{"start":{"line":46,"column":11},"end":{"line":55,"column":5}},"24":{"start":{"line":47,"column":8},"end":{"line":47,"column":49}},"25":{"start":{"line":48,"column":11},"end":{"line":55,"column":5}},"26":{"start":{"line":49,"column":8},"end":{"line":49,"column":45}},"27":{"start":{"line":51,"column":8},"end":{"line":54,"column":11}},"28":{"start":{"line":58,"column":4},"end":{"line":60,"column":5}},"29":{"start":{"line":59,"column":8},"end":{"line":59,"column":50}},"30":{"start":{"line":63,"column":4},"end":{"line":82,"column":18}},"31":{"start":{"line":76,"column":8},"end":{"line":78,"column":11}},"32":{"start":{"line":77,"column":12},"end":{"line":77,"column":35}},"33":{"start":{"line":79,"column":8},"end":{"line":81,"column":9}},"34":{"start":{"line":80,"column":12},"end":{"line":80,"column":59}},"35":{"start":{"line":85,"column":4},"end":{"line":87,"column":5}},"36":{"start":{"line":86,"column":8},"end":{"line":86,"column":53}},"37":{"start":{"line":90,"column":4},"end":{"line":90,"column":29}},"38":{"start":{"line":92,"column":4},"end":{"line":92,"column":24}},"39":{"start":{"line":101,"column":0},"end":{"line":175,"column":2}},"40":{"start":{"line":102,"column":4},"end":{"line":158,"column":18}},"41":{"start":{"line":103,"column":8},"end":{"line":103,"column":17}},"42":{"start":{"line":104,"column":8},"end":{"line":104,"column":71}},"43":{"start":{"line":106,"column":8},"end":{"line":108,"column":9}},"44":{"start":{"line":107,"column":12},"end":{"line":107,"column":58}},"45":{"start":{"line":110,"column":8},"end":{"line":115,"column":10}},"46":{"start":{"line":117,"column":8},"end":{"line":124,"column":9}},"47":{"start":{"line":118,"column":12},"end":{"line":118,"column":48}},"48":{"start":{"line":119,"column":15},"end":{"line":124,"column":9}},"49":{"start":{"line":120,"column":12},"end":{"line":120,"column":115}},"50":{"start":{"line":121,"column":12},"end":{"line":123,"column":13}},"51":{"start":{"line":122,"column":16},"end":{"line":122,"column":81}},"52":{"start":{"line":126,"column":8},"end":{"line":129,"column":9}},"53":{"start":{"line":127,"column":12},"end":{"line":127,"column":46}},"54":{"start":{"line":128,"column":12},"end":{"line":128,"column":40}},"55":{"start":{"line":131,"column":8},"end":{"line":133,"column":9}},"56":{"start":{"line":132,"column":12},"end":{"line":132,"column":38}},"57":{"start":{"line":135,"column":8},"end":{"line":147,"column":9}},"58":{"start":{"line":136,"column":12},"end":{"line":136,"column":38}},"59":{"start":{"line":137,"column":15},"end":{"line":147,"column":9}},"60":{"start":{"line":138,"column":12},"end":{"line":140,"column":14}},"61":{"start":{"line":141,"column":15},"end":{"line":147,"column":9}},"62":{"start":{"line":142,"column":12},"end":{"line":144,"column":14}},"63":{"start":{"line":146,"column":12},"end":{"line":146,"column":52}},"64":{"start":{"line":149,"column":8},"end":{"line":151,"column":9}},"65":{"start":{"line":150,"column":12},"end":{"line":150,"column":48}},"66":{"start":{"line":153,"column":8},"end":{"line":155,"column":9}},"67":{"start":{"line":154,"column":12},"end":{"line":154,"column":46}},"68":{"start":{"line":157,"column":8},"end":{"line":157,"column":20}},"69":{"start":{"line":160,"column":4},"end":{"line":174,"column":5}},"70":{"start":{"line":161,"column":8},"end":{"line":164,"column":10}},"71":{"start":{"line":166,"column":8},"end":{"line":173,"column":10}},"72":{"start":{"line":168,"column":16},"end":{"line":168,"column":39}},"73":{"start":{"line":171,"column":16},"end":{"line":171,"column":40}},"74":{"start":{"line":182,"column":0},"end":{"line":288,"column":2}},"75":{"start":{"line":183,"column":4},"end":{"line":184,"column":41}},"76":{"start":{"line":186,"column":4},"end":{"line":195,"column":5}},"77":{"start":{"line":187,"column":8},"end":{"line":193,"column":9}},"78":{"start":{"line":188,"column":12},"end":{"line":188,"column":34}},"79":{"start":{"line":190,"column":12},"end":{"line":192,"column":14}},"80":{"start":{"line":194,"column":8},"end":{"line":194,"column":121}},"81":{"start":{"line":197,"column":4},"end":{"line":206,"column":5}},"82":{"start":{"line":198,"column":8},"end":{"line":204,"column":9}},"83":{"start":{"line":199,"column":12},"end":{"line":199,"column":44}},"84":{"start":{"line":201,"column":12},"end":{"line":203,"column":14}},"85":{"start":{"line":205,"column":8},"end":{"line":205,"column":141}},"86":{"start":{"line":208,"column":4},"end":{"line":221,"column":5}},"87":{"start":{"line":209,"column":8},"end":{"line":215,"column":9}},"88":{"start":{"line":210,"column":12},"end":{"line":210,"column":44}},"89":{"start":{"line":212,"column":12},"end":{"line":214,"column":14}},"90":{"start":{"line":216,"column":8},"end":{"line":216,"column":140}},"91":{"start":{"line":217,"column":8},"end":{"line":219,"column":9}},"92":{"start":{"line":218,"column":12},"end":{"line":218,"column":35}},"93":{"start":{"line":220,"column":8},"end":{"line":220,"column":66}},"94":{"start":{"line":223,"column":4},"end":{"line":232,"column":5}},"95":{"start":{"line":224,"column":8},"end":{"line":230,"column":9}},"96":{"start":{"line":225,"column":12},"end":{"line":225,"column":34}},"97":{"start":{"line":227,"column":12},"end":{"line":229,"column":14}},"98":{"start":{"line":231,"column":8},"end":{"line":231,"column":120}},"99":{"start":{"line":234,"column":4},"end":{"line":285,"column":18}},"100":{"start":{"line":241,"column":8},"end":{"line":241,"column":17}},"101":{"start":{"line":243,"column":8},"end":{"line":245,"column":9}},"102":{"start":{"line":244,"column":12},"end":{"line":244,"column":60}},"103":{"start":{"line":247,"column":8},"end":{"line":251,"column":10}},"104":{"start":{"line":253,"column":8},"end":{"line":255,"column":9}},"105":{"start":{"line":254,"column":12},"end":{"line":254,"column":49}},"106":{"start":{"line":257,"column":8},"end":{"line":260,"column":9}},"107":{"start":{"line":258,"column":12},"end":{"line":258,"column":48}},"108":{"start":{"line":259,"column":12},"end":{"line":259,"column":41}},"109":{"start":{"line":262,"column":8},"end":{"line":274,"column":9}},"110":{"start":{"line":263,"column":12},"end":{"line":263,"column":39}},"111":{"start":{"line":264,"column":15},"end":{"line":274,"column":9}},"112":{"start":{"line":265,"column":12},"end":{"line":267,"column":14}},"113":{"start":{"line":268,"column":15},"end":{"line":274,"column":9}},"114":{"start":{"line":269,"column":12},"end":{"line":271,"column":14}},"115":{"start":{"line":273,"column":12},"end":{"line":273,"column":53}},"116":{"start":{"line":276,"column":8},"end":{"line":278,"column":9}},"117":{"start":{"line":277,"column":12},"end":{"line":277,"column":49}},"118":{"start":{"line":280,"column":8},"end":{"line":282,"column":9}},"119":{"start":{"line":281,"column":12},"end":{"line":281,"column":47}},"120":{"start":{"line":284,"column":8},"end":{"line":284,"column":32}},"121":{"start":{"line":287,"column":4},"end":{"line":287,"column":24}},"122":{"start":{"line":297,"column":0},"end":{"line":329,"column":2}},"123":{"start":{"line":298,"column":4},"end":{"line":298,"column":13}},"124":{"start":{"line":300,"column":4},"end":{"line":313,"column":5}},"125":{"start":{"line":301,"column":8},"end":{"line":307,"column":11}},"126":{"start":{"line":309,"column":8},"end":{"line":312,"column":11}},"127":{"start":{"line":315,"column":4},"end":{"line":319,"column":5}},"128":{"start":{"line":316,"column":8},"end":{"line":316,"column":38}},"129":{"start":{"line":317,"column":11},"end":{"line":319,"column":5}},"130":{"start":{"line":318,"column":8},"end":{"line":318,"column":34}},"131":{"start":{"line":321,"column":4},"end":{"line":326,"column":18}},"132":{"start":{"line":323,"column":8},"end":{"line":325,"column":9}},"133":{"start":{"line":324,"column":12},"end":{"line":324,"column":51}},"134":{"start":{"line":328,"column":4},"end":{"line":328,"column":16}},"135":{"start":{"line":338,"column":0},"end":{"line":365,"column":2}},"136":{"start":{"line":339,"column":4},"end":{"line":339,"column":13}},"137":{"start":{"line":341,"column":4},"end":{"line":354,"column":5}},"138":{"start":{"line":342,"column":8},"end":{"line":348,"column":11}},"139":{"start":{"line":350,"column":8},"end":{"line":353,"column":11}},"140":{"start":{"line":356,"column":4},"end":{"line":362,"column":18}},"141":{"start":{"line":357,"column":8},"end":{"line":361,"column":9}},"142":{"start":{"line":358,"column":12},"end":{"line":358,"column":38}},"143":{"start":{"line":360,"column":12},"end":{"line":360,"column":55}},"144":{"start":{"line":364,"column":4},"end":{"line":364,"column":16}},"145":{"start":{"line":373,"column":0},"end":{"line":398,"column":2}},"146":{"start":{"line":374,"column":4},"end":{"line":374,"column":13}},"147":{"start":{"line":376,"column":4},"end":{"line":389,"column":5}},"148":{"start":{"line":377,"column":8},"end":{"line":383,"column":11}},"149":{"start":{"line":385,"column":8},"end":{"line":388,"column":11}},"150":{"start":{"line":391,"column":4},"end":{"line":391,"column":50}},"151":{"start":{"line":393,"column":4},"end":{"line":395,"column":18}},"152":{"start":{"line":394,"column":8},"end":{"line":394,"column":51}},"153":{"start":{"line":397,"column":4},"end":{"line":397,"column":16}},"154":{"start":{"line":407,"column":0},"end":{"line":465,"column":2}},"155":{"start":{"line":408,"column":4},"end":{"line":408,"column":28}},"156":{"start":{"line":409,"column":4},"end":{"line":409,"column":44}},"157":{"start":{"line":411,"column":4},"end":{"line":411,"column":13}},"158":{"start":{"line":412,"column":4},"end":{"line":415,"column":32}},"159":{"start":{"line":417,"column":4},"end":{"line":432,"column":5}},"160":{"start":{"line":418,"column":8},"end":{"line":425,"column":11}},"161":{"start":{"line":427,"column":8},"end":{"line":431,"column":11}},"162":{"start":{"line":435,"column":4},"end":{"line":437,"column":5}},"163":{"start":{"line":436,"column":8},"end":{"line":436,"column":40}},"164":{"start":{"line":439,"column":4},"end":{"line":441,"column":5}},"165":{"start":{"line":440,"column":8},"end":{"line":440,"column":83}},"166":{"start":{"line":443,"column":4},"end":{"line":447,"column":5}},"167":{"start":{"line":444,"column":8},"end":{"line":444,"column":85}},"168":{"start":{"line":445,"column":11},"end":{"line":447,"column":5}},"169":{"start":{"line":446,"column":8},"end":{"line":446,"column":72}},"170":{"start":{"line":449,"column":4},"end":{"line":451,"column":5}},"171":{"start":{"line":450,"column":8},"end":{"line":450,"column":117}},"172":{"start":{"line":453,"column":4},"end":{"line":455,"column":5}},"173":{"start":{"line":454,"column":8},"end":{"line":454,"column":64}},"174":{"start":{"line":458,"column":4},"end":{"line":462,"column":5}},"175":{"start":{"line":459,"column":8},"end":{"line":459,"column":33}},"176":{"start":{"line":461,"column":8},"end":{"line":461,"column":41}},"177":{"start":{"line":464,"column":4},"end":{"line":464,"column":16}},"178":{"start":{"line":473,"column":0},"end":{"line":496,"column":2}},"179":{"start":{"line":474,"column":4},"end":{"line":474,"column":92}},"180":{"start":{"line":475,"column":4},"end":{"line":477,"column":5}},"181":{"start":{"line":476,"column":8},"end":{"line":476,"column":23}},"182":{"start":{"line":479,"column":4},"end":{"line":479,"column":126}},"183":{"start":{"line":481,"column":4},"end":{"line":483,"column":5}},"184":{"start":{"line":482,"column":8},"end":{"line":482,"column":29}},"185":{"start":{"line":485,"column":4},"end":{"line":487,"column":5}},"186":{"start":{"line":486,"column":8},"end":{"line":486,"column":29}},"187":{"start":{"line":489,"column":4},"end":{"line":493,"column":7}},"188":{"start":{"line":490,"column":8},"end":{"line":492,"column":9}},"189":{"start":{"line":491,"column":12},"end":{"line":491,"column":76}},"190":{"start":{"line":495,"column":4},"end":{"line":495,"column":19}}},"branchMap":{"1":{"line":19,"type":"if","locations":[{"start":{"line":19,"column":4},"end":{"line":19,"column":4}},{"start":{"line":19,"column":4},"end":{"line":19,"column":4}}]},"2":{"line":23,"type":"binary-expr","locations":[{"start":{"line":23,"column":16},"end":{"line":23,"column":20}},{"start":{"line":23,"column":24},"end":{"line":23,"column":26}}]},"3":{"line":37,"type":"binary-expr","locations":[{"start":{"line":37,"column":26},"end":{"line":37,"column":40}},{"start":{"line":37,"column":44},"end":{"line":37,"column":76}}]},"4":{"line":39,"type":"binary-expr","locations":[{"start":{"line":39,"column":21},"end":{"line":39,"column":58}},{"start":{"line":39,"column":63},"end":{"line":39,"column":88}},{"start":{"line":39,"column":92},"end":{"line":39,"column":131}}]},"5":{"line":42,"type":"if","locations":[{"start":{"line":42,"column":4},"end":{"line":42,"column":4}},{"start":{"line":42,"column":4},"end":{"line":42,"column":4}}]},"6":{"line":44,"type":"if","locations":[{"start":{"line":44,"column":11},"end":{"line":44,"column":11}},{"start":{"line":44,"column":11},"end":{"line":44,"column":11}}]},"7":{"line":46,"type":"if","locations":[{"start":{"line":46,"column":11},"end":{"line":46,"column":11}},{"start":{"line":46,"column":11},"end":{"line":46,"column":11}}]},"8":{"line":48,"type":"if","locations":[{"start":{"line":48,"column":11},"end":{"line":48,"column":11}},{"start":{"line":48,"column":11},"end":{"line":48,"column":11}}]},"9":{"line":51,"type":"binary-expr","locations":[{"start":{"line":51,"column":54},"end":{"line":51,"column":138}},{"start":{"line":51,"column":142},"end":{"line":54,"column":9}}]},"10":{"line":51,"type":"binary-expr","locations":[{"start":{"line":51,"column":64},"end":{"line":51,"column":82}},{"start":{"line":51,"column":86},"end":{"line":51,"column":88}}]},"11":{"line":51,"type":"binary-expr","locations":[{"start":{"line":51,"column":97},"end":{"line":51,"column":123}},{"start":{"line":51,"column":127},"end":{"line":51,"column":129}}]},"12":{"line":58,"type":"if","locations":[{"start":{"line":58,"column":4},"end":{"line":58,"column":4}},{"start":{"line":58,"column":4},"end":{"line":58,"column":4}}]},"13":{"line":79,"type":"if","locations":[{"start":{"line":79,"column":8},"end":{"line":79,"column":8}},{"start":{"line":79,"column":8},"end":{"line":79,"column":8}}]},"14":{"line":85,"type":"if","locations":[{"start":{"line":85,"column":4},"end":{"line":85,"column":4}},{"start":{"line":85,"column":4},"end":{"line":85,"column":4}}]},"15":{"line":102,"type":"binary-expr","locations":[{"start":{"line":102,"column":32},"end":{"line":102,"column":53}},{"start":{"line":102,"column":57},"end":{"line":102,"column":59}}]},"16":{"line":106,"type":"if","locations":[{"start":{"line":106,"column":8},"end":{"line":106,"column":8}},{"start":{"line":106,"column":8},"end":{"line":106,"column":8}}]},"17":{"line":106,"type":"binary-expr","locations":[{"start":{"line":106,"column":27},"end":{"line":106,"column":42}},{"start":{"line":106,"column":46},"end":{"line":106,"column":61}}]},"18":{"line":111,"type":"binary-expr","locations":[{"start":{"line":111,"column":25},"end":{"line":111,"column":47}},{"start":{"line":112,"column":16},"end":{"line":112,"column":106}}]},"19":{"line":112,"type":"binary-expr","locations":[{"start":{"line":112,"column":39},"end":{"line":112,"column":58}},{"start":{"line":112,"column":62},"end":{"line":112,"column":77}},{"start":{"line":112,"column":81},"end":{"line":112,"column":96}},{"start":{"line":112,"column":100},"end":{"line":112,"column":105}}]},"20":{"line":113,"type":"binary-expr","locations":[{"start":{"line":113,"column":32},"end":{"line":113,"column":61}},{"start":{"line":113,"column":66},"end":{"line":113,"column":105}}]},"21":{"line":113,"type":"cond-expr","locations":[{"start":{"line":113,"column":82},"end":{"line":113,"column":90}},{"start":{"line":113,"column":93},"end":{"line":113,"column":105}}]},"22":{"line":117,"type":"if","locations":[{"start":{"line":117,"column":8},"end":{"line":117,"column":8}},{"start":{"line":117,"column":8},"end":{"line":117,"column":8}}]},"23":{"line":119,"type":"if","locations":[{"start":{"line":119,"column":15},"end":{"line":119,"column":15}},{"start":{"line":119,"column":15},"end":{"line":119,"column":15}}]},"24":{"line":119,"type":"binary-expr","locations":[{"start":{"line":119,"column":19},"end":{"line":119,"column":33}},{"start":{"line":119,"column":37},"end":{"line":119,"column":66}}]},"25":{"line":120,"type":"binary-expr","locations":[{"start":{"line":120,"column":28},"end":{"line":120,"column":87}},{"start":{"line":120,"column":91},"end":{"line":120,"column":114}}]},"26":{"line":120,"type":"binary-expr","locations":[{"start":{"line":120,"column":29},"end":{"line":120,"column":44}},{"start":{"line":120,"column":48},"end":{"line":120,"column":63}},{"start":{"line":120,"column":67},"end":{"line":120,"column":69}}]},"27":{"line":121,"type":"if","locations":[{"start":{"line":121,"column":12},"end":{"line":121,"column":12}},{"start":{"line":121,"column":12},"end":{"line":121,"column":12}}]},"28":{"line":126,"type":"if","locations":[{"start":{"line":126,"column":8},"end":{"line":126,"column":8}},{"start":{"line":126,"column":8},"end":{"line":126,"column":8}}]},"29":{"line":131,"type":"if","locations":[{"start":{"line":131,"column":8},"end":{"line":131,"column":8}},{"start":{"line":131,"column":8},"end":{"line":131,"column":8}}]},"30":{"line":135,"type":"if","locations":[{"start":{"line":135,"column":8},"end":{"line":135,"column":8}},{"start":{"line":135,"column":8},"end":{"line":135,"column":8}}]},"31":{"line":137,"type":"if","locations":[{"start":{"line":137,"column":15},"end":{"line":137,"column":15}},{"start":{"line":137,"column":15},"end":{"line":137,"column":15}}]},"32":{"line":141,"type":"if","locations":[{"start":{"line":141,"column":15},"end":{"line":141,"column":15}},{"start":{"line":141,"column":15},"end":{"line":141,"column":15}}]},"33":{"line":146,"type":"binary-expr","locations":[{"start":{"line":146,"column":27},"end":{"line":146,"column":45}},{"start":{"line":146,"column":49},"end":{"line":146,"column":51}}]},"34":{"line":149,"type":"if","locations":[{"start":{"line":149,"column":8},"end":{"line":149,"column":8}},{"start":{"line":149,"column":8},"end":{"line":149,"column":8}}]},"35":{"line":153,"type":"if","locations":[{"start":{"line":153,"column":8},"end":{"line":153,"column":8}},{"start":{"line":153,"column":8},"end":{"line":153,"column":8}}]},"36":{"line":160,"type":"if","locations":[{"start":{"line":160,"column":4},"end":{"line":160,"column":4}},{"start":{"line":160,"column":4},"end":{"line":160,"column":4}}]},"37":{"line":186,"type":"if","locations":[{"start":{"line":186,"column":4},"end":{"line":186,"column":4}},{"start":{"line":186,"column":4},"end":{"line":186,"column":4}}]},"38":{"line":187,"type":"if","locations":[{"start":{"line":187,"column":8},"end":{"line":187,"column":8}},{"start":{"line":187,"column":8},"end":{"line":187,"column":8}}]},"39":{"line":187,"type":"binary-expr","locations":[{"start":{"line":187,"column":12},"end":{"line":187,"column":46}},{"start":{"line":187,"column":51},"end":{"line":187,"column":73}},{"start":{"line":187,"column":77},"end":{"line":187,"column":96}},{"start":{"line":187,"column":100},"end":{"line":187,"column":119}},{"start":{"line":187,"column":123},"end":{"line":187,"column":141}}]},"40":{"line":194,"type":"cond-expr","locations":[{"start":{"line":194,"column":97},"end":{"line":194,"column":99}},{"start":{"line":194,"column":102},"end":{"line":194,"column":119}}]},"41":{"line":194,"type":"binary-expr","locations":[{"start":{"line":194,"column":43},"end":{"line":194,"column":57}},{"start":{"line":194,"column":61},"end":{"line":194,"column":94}}]},"42":{"line":197,"type":"if","locations":[{"start":{"line":197,"column":4},"end":{"line":197,"column":4}},{"start":{"line":197,"column":4},"end":{"line":197,"column":4}}]},"43":{"line":198,"type":"if","locations":[{"start":{"line":198,"column":8},"end":{"line":198,"column":8}},{"start":{"line":198,"column":8},"end":{"line":198,"column":8}}]},"44":{"line":198,"type":"binary-expr","locations":[{"start":{"line":198,"column":12},"end":{"line":198,"column":51}},{"start":{"line":198,"column":56},"end":{"line":198,"column":83}},{"start":{"line":198,"column":87},"end":{"line":198,"column":111}},{"start":{"line":198,"column":115},"end":{"line":198,"column":139}},{"start":{"line":198,"column":143},"end":{"line":198,"column":166}}]},"45":{"line":205,"type":"cond-expr","locations":[{"start":{"line":205,"column":117},"end":{"line":205,"column":119}},{"start":{"line":205,"column":122},"end":{"line":205,"column":139}}]},"46":{"line":205,"type":"binary-expr","locations":[{"start":{"line":205,"column":53},"end":{"line":205,"column":72}},{"start":{"line":205,"column":76},"end":{"line":205,"column":114}}]},"47":{"line":208,"type":"if","locations":[{"start":{"line":208,"column":4},"end":{"line":208,"column":4}},{"start":{"line":208,"column":4},"end":{"line":208,"column":4}}]},"48":{"line":209,"type":"if","locations":[{"start":{"line":209,"column":8},"end":{"line":209,"column":8}},{"start":{"line":209,"column":8},"end":{"line":209,"column":8}}]},"49":{"line":209,"type":"binary-expr","locations":[{"start":{"line":209,"column":12},"end":{"line":209,"column":51}},{"start":{"line":209,"column":56},"end":{"line":209,"column":83}},{"start":{"line":209,"column":87},"end":{"line":209,"column":111}},{"start":{"line":209,"column":115},"end":{"line":209,"column":139}},{"start":{"line":209,"column":143},"end":{"line":209,"column":166}}]},"50":{"line":216,"type":"binary-expr","locations":[{"start":{"line":216,"column":77},"end":{"line":216,"column":93}},{"start":{"line":216,"column":97},"end":{"line":216,"column":106}}]},"51":{"line":217,"type":"if","locations":[{"start":{"line":217,"column":8},"end":{"line":217,"column":8}},{"start":{"line":217,"column":8},"end":{"line":217,"column":8}}]},"52":{"line":223,"type":"if","locations":[{"start":{"line":223,"column":4},"end":{"line":223,"column":4}},{"start":{"line":223,"column":4},"end":{"line":223,"column":4}}]},"53":{"line":224,"type":"if","locations":[{"start":{"line":224,"column":8},"end":{"line":224,"column":8}},{"start":{"line":224,"column":8},"end":{"line":224,"column":8}}]},"54":{"line":224,"type":"binary-expr","locations":[{"start":{"line":224,"column":12},"end":{"line":224,"column":46}},{"start":{"line":224,"column":51},"end":{"line":224,"column":73}},{"start":{"line":224,"column":77},"end":{"line":224,"column":96}},{"start":{"line":224,"column":100},"end":{"line":224,"column":119}},{"start":{"line":224,"column":123},"end":{"line":224,"column":141}}]},"55":{"line":231,"type":"cond-expr","locations":[{"start":{"line":231,"column":96},"end":{"line":231,"column":98}},{"start":{"line":231,"column":101},"end":{"line":231,"column":118}}]},"56":{"line":231,"type":"binary-expr","locations":[{"start":{"line":231,"column":42},"end":{"line":231,"column":56}},{"start":{"line":231,"column":60},"end":{"line":231,"column":93}}]},"57":{"line":235,"type":"binary-expr","locations":[{"start":{"line":235,"column":11},"end":{"line":235,"column":15}},{"start":{"line":235,"column":19},"end":{"line":235,"column":21}}]},"58":{"line":236,"type":"binary-expr","locations":[{"start":{"line":236,"column":11},"end":{"line":236,"column":20}},{"start":{"line":236,"column":24},"end":{"line":236,"column":26}}]},"59":{"line":237,"type":"binary-expr","locations":[{"start":{"line":237,"column":11},"end":{"line":237,"column":15}},{"start":{"line":237,"column":19},"end":{"line":237,"column":21}}]},"60":{"line":238,"type":"binary-expr","locations":[{"start":{"line":238,"column":11},"end":{"line":238,"column":20}},{"start":{"line":238,"column":24},"end":{"line":238,"column":26}}]},"61":{"line":239,"type":"binary-expr","locations":[{"start":{"line":239,"column":11},"end":{"line":239,"column":33}},{"start":{"line":239,"column":37},"end":{"line":239,"column":39}}]},"62":{"line":243,"type":"if","locations":[{"start":{"line":243,"column":8},"end":{"line":243,"column":8}},{"start":{"line":243,"column":8},"end":
[...]
rs","    if (this.mail.headers) {","        this.message.addHeader(this.mail.headers);","    }","","    // Add headers to the root node, always overrides custom headers","    [","        'from',","        'sender',","        'to',","        'cc',","        'bcc',","        'reply-to',","        'in-reply-to',","        'references',","        'subject',","        'message-id',","        'date'","    ].forEach(function (header) {","        var key = header.replace(/-(\\w)/g, function (o, c) {","            return c.toUpperCase();","        });","        if (this.mail[key]) {","            this.message.setHeader(header, this.mail[key]);","        }","    }.bind(this));","","    // Sets custom envelope","    if (this.mail.envelope) {","        this.message.setEnvelope(this.mail.envelope);","    }","","    // ensure Message-Id value","    this.message.messageId();","","    return this.message;","};","","/**"," * List all attachments. Resulting attachment objects can be used as input for BuildMail nodes"," *"," * @param {Boolean} findRelated If true separate related attachments from attached ones"," * @returns {Object} An object of arrays (`related` and `attached`)"," */","MailComposer.prototype.getAttachments = function (findRelated) {","    var attachments = [].concat(this.mail.attachments || []).map(function (attachment, i) {","        var data;","        var isMessageNode = /^message\\//i.test(attachment.contentType);","","        if (/^data:/i.test(attachment.path || attachment.href)) {","            attachment = this._processDataUrl(attachment);","        }","","        data = {","            contentType: attachment.contentType ||","                libmime.detectMimeType(attachment.filename || attachment.path || attachment.href || 'bin'),","            contentDisposition: attachment.contentDisposition || (isMessageNode ? 'inline' : 'attachment'),","            contentTransferEncoding: attachment.contentTransferEncoding","        };","","        if (attachment.filename) {","            data.filename = attachment.filename;","        } else if (!isMessageNode && attachment.filename !== false) {","            data.filename = (attachment.path || attachment.href || '').split('/').pop() || 'attachment-' + (i + 1);","            if (data.filename.indexOf('.') < 0) {","                data.filename += '.' + libmime.detectExtension(data.contentType);","            }","        }","","        if (/^https?:\\/\\//i.test(attachment.path)) {","            attachment.href = attachment.path;","            attachment.path = undefined;","        }","","        if (attachment.cid) {","            data.cid = attachment.cid;","        }","","        if (attachment.raw) {","            data.raw = attachment.raw;","        } else if (attachment.path) {","            data.content = {","                path: attachment.path","            };","        } else if (attachment.href) {","            data.content = {","                href: attachment.href","            };","        } else {","            data.content = attachment.content || '';","        }","","        if (attachment.encoding) {","            data.encoding = attachment.encoding;","        }","","        if (attachment.headers) {","            data.headers = attachment.headers;","        }","","        return data;","    }.bind(this));","","    if (!findRelated) {","        return {","            attached: attachments,","            related: []","        };","    } else {","        return {","            attached: attachments.filter(function (attachment) {","                return !attachment.cid;","            }),","            related: attachments.filter(function (attachment) {","                return !!attachment.cid;","            })","        };","    }","};","","/**"," * List alternatives. Resulting objects can be used as input for BuildMail nodes"," *"," * @returns {Array} An array of alternative elements. Includes the `text` and `html` values as well"," */","MailComposer.prototype.getAlternatives = function () {","    var alternatives = [],","        text, html, watchHtml, icalEvent;","","    if (this.mail.text) {","        if (typeof this.mail.text === 'object' && (this.mail.text.content || this.mail.text.path || this.mail.text.href || this.mail.text.raw)) {","            text = this.mail.text;","        } else {","            text = {","                content: this.mail.text","            };","        }","        text.contentType = 'text/plain' + (!text.encoding && libmime.isPlainText(text.content) ? '' : '; charset=utf-8');","    }","","    if (this.mail.watchHtml) {","        if (typeof this.mail.watchHtml === 'object' && (this.mail.watchHtml.content || this.mail.watchHtml.path || this.mail.watchHtml.href || this.mail.watchHtml.raw)) {","            watchHtml = this.mail.watchHtml;","        } else {","            watchHtml = {","                content: this.mail.watchHtml","            };","        }","        watchHtml.contentType = 'text/watch-html' + (!watchHtml.encoding && libmime.isPlainText(watchHtml.content) ? '' : '; charset=utf-8');","    }","","    if (this.mail.icalEvent) {","        if (typeof this.mail.icalEvent === 'object' && (this.mail.icalEvent.content || this.mail.icalEvent.path || this.mail.icalEvent.href || this.mail.icalEvent.raw)) {","            icalEvent = this.mail.icalEvent;","        } else {","            icalEvent = {","                content: this.mail.icalEvent","            };","        }","        icalEvent.contentType = 'text/calendar; charset=\"utf-8\"; method=' + (icalEvent.method || 'PUBLISH').toString().trim().toUpperCase();","        if (!icalEvent.headers) {","            icalEvent.headers = {};","        }","        icalEvent.headers['Content-Transfer-Encoding'] = 'base64';","    }","","    if (this.mail.html) {","        if (typeof this.mail.html === 'object' && (this.mail.html.content || this.mail.html.path || this.mail.html.href || this.mail.html.raw)) {","            html = this.mail.html;","        } else {","            html = {","                content: this.mail.html","            };","        }","        html.contentType = 'text/html' + (!html.encoding && libmime.isPlainText(html.content) ? '' : '; charset=utf-8');","    }","","    [].","    concat(text || []).","    concat(watchHtml || []).","    concat(html || []).","    concat(icalEvent || []).","    concat(this.mail.alternatives || []).","    forEach(function (alternative) {","        var data;","","        if (/^data:/i.test(alternative.path || alternative.href)) {","            alternative = this._processDataUrl(alternative);","        }","","        data = {","            contentType: alternative.contentType ||","                libmime.detectMimeType(alternative.filename || alternative.path || alternative.href || 'txt'),","            contentTransferEncoding: alternative.contentTransferEncoding","        };","","        if (alternative.filename) {","            data.filename = alternative.filename;","        }","","        if (/^https?:\\/\\//i.test(alternative.path)) {","            alternative.href = alternative.path;","            alternative.path = undefined;","        }","","        if (alternative.raw) {","            data.raw = alternative.raw;","        } else if (alternative.path) {","            data.content = {","                path: alternative.path","            };","        } else if (alternative.href) {","            data.content = {","                href: alternative.href","            };","        } else {","            data.content = alternative.content || '';","        }","","        if (alternative.encoding) {","            data.encoding = alternative.encoding;","        }","","        if (alternative.headers) {","            data.headers = alternative.headers;","        }","","        alternatives.push(data);","    }.bind(this));","","    return alternatives;","};","","/**"," * Builds multipart/mixed node. It should always contain different type of elements on the same level"," * eg. text + attachments"," *"," * @param {Object} parentNode Parent for this note. If it does not exist, a root node is created"," * @returns {Object} BuildMail node element"," */","MailComposer.prototype._createMixed = function (parentNode) {","    var node;","","    if (!parentNode) {","        node = new BuildMail('multipart/mixed', {","            baseBoundary: this.mail.baseBoundary,","            textEncoding: this.mail.textEncoding,","            boundaryPrefix: this.mail.boundaryPrefix,","            disableUrlAccess: this.mail.disableUrlAccess,","            disableFileAccess: this.mail.disableFileAccess","        });","    } else {","        node = parentNode.createChild('multipart/mixed', {","            disableUrlAccess: this.mail.disableUrlAccess,","            disableFileAccess: this.mail.disableFileAccess","        });","    }","","    if (this._useAlternative) {","        this._createAlternative(node);","    } else if (this._useRelated) {","        this._createRelated(node);","    }","","    [].concat(!this._useAlternative && this._alternatives || []).concat(this._attachments.attached || []).forEach(function (element) {","        // if the element is a html node from related subpart then ignore it","        if (!this._useRelated || element !== this._htmlNode) {","            this._createContentNode(node, element);","        }","    }.bind(this));","","    return node;","};","","/**"," * Builds multipart/alternative node. It should always contain same type of elements on the same level"," * eg. text + html view of the same data"," *"," * @param {Object} parentNode Parent for this note. If it does not exist, a root node is created"," * @returns {Object} BuildMail node element"," */","MailComposer.prototype._createAlternative = function (parentNode) {","    var node;","","    if (!parentNode) {","        node = new BuildMail('multipart/alternative', {","            baseBoundary: this.mail.baseBoundary,","            textEncoding: this.mail.textEncoding,","            boundaryPrefix: this.mail.boundaryPrefix,","            disableUrlAccess: this.mail.disableUrlAccess,","            disableFileAccess: this.mail.disableFileAccess","        });","    } else {","        node = parentNode.createChild('multipart/alternative', {","            disableUrlAccess: this.mail.disableUrlAccess,","            disableFileAccess: this.mail.disableFileAccess","        });","    }","","    this._alternatives.forEach(function (alternative) {","        if (this._useRelated && this._htmlNode === alternative) {","            this._createRelated(node);","        } else {","            this._createContentNode(node, alternative);","        }","    }.bind(this));","","    return node;","};","","/**"," * Builds multipart/related node. It should always contain html node with related attachments"," *"," * @param {Object} parentNode Parent for this note. If it does not exist, a root node is created"," * @returns {Object} BuildMail node element"," */","MailComposer.prototype._createRelated = function (parentNode) {","    var node;","","    if (!parentNode) {","        node = new BuildMail('multipart/related; type=\"text/html\"', {","            baseBoundary: this.mail.baseBoundary,","            textEncoding: this.mail.textEncoding,","            boundaryPrefix: this.mail.boundaryPrefix,","            disableUrlAccess: this.mail.disableUrlAccess,","            disableFileAccess: this.mail.disableFileAccess","        });","    } else {","        node = parentNode.createChild('multipart/related; type=\"text/html\"', {","            disableUrlAccess: this.mail.disableUrlAccess,","            disableFileAccess: this.mail.disableFileAccess","        });","    }","","    this._createContentNode(node, this._htmlNode);","","    this._attachments.related.forEach(function (alternative) {","        this._createContentNode(node, alternative);","    }.bind(this));","","    return node;","};","","/**"," * Creates a regular node with contents"," *"," * @param {Object} parentNode Parent for this note. If it does not exist, a root node is created"," * @param {Object} element Node data"," * @returns {Object} BuildMail node element"," */","MailComposer.prototype._createContentNode = function (parentNode, element) {","    element = element || {};","    element.content = element.content || '';","","    var node;","    var encoding = (element.encoding || 'utf8')","        .toString()","        .toLowerCase()","        .replace(/[-_\\s]/g, '');","","    if (!parentNode) {","        node = new BuildMail(element.contentType, {","            filename: element.filename,","            baseBoundary: this.mail.baseBoundary,","            textEncoding: this.mail.textEncoding,","            boundaryPrefix: this.mail.boundaryPrefix,","            disableUrlAccess: this.mail.disableUrlAccess,","            disableFileAccess: this.mail.disableFileAccess","        });","    } else {","        node = parentNode.createChild(element.contentType, {","            filename: element.filename,","            disableUrlAccess: this.mail.disableUrlAccess,","            disableFileAccess: this.mail.disableFileAccess","        });","    }","","    // add custom headers","    if (element.headers) {","        node.addHeader(element.headers);","    }","","    if (element.cid) {","        node.setHeader('Content-Id', '<' + element.cid.replace(/[<>]/g, '') + '>');","    }","","    if (element.contentTransferEncoding) {","        node.setHeader('Content-Transfer-Encoding', element.contentTransferEncoding);","    } else if (this.mail.encoding && /^text\\//i.test(element.contentType)) {","        node.setHeader('Content-Transfer-Encoding', this.mail.encoding);","    }","","    if (!/^text\\//i.test(element.contentType) || element.contentDisposition) {","        node.setHeader('Content-Disposition', element.contentDisposition || (element.cid ? 'inline' : 'attachment'));","    }","","    if (typeof element.content === 'string' && ['utf8', 'usascii', 'ascii'].indexOf(encoding) < 0) {","        element.content = new Buffer(element.content, encoding);","    }","","    // prefer pregenerated raw content","    if (element.raw) {","        node.setRaw(element.raw);","    } else {","        node.setContent(element.content);","    }","","    return node;","};","","/**"," * Parses data uri and converts it to a Buffer"," *"," * @param {Object} element Content element"," * @return {Object} Parsed element"," */","MailComposer.prototype._processDataUrl = function (element) {","    var parts = (element.path || element.href).match(/^data:((?:[^;]*;)*(?:[^,]*)),(.*)$/i);","    if (!parts) {","        return element;","    }","","    element.content = /\\bbase64$/i.test(parts[1]) ? new Buffer(parts[2], 'base64') : new Buffer(decodeURIComponent(parts[2]));","","    if ('path' in element) {","        element.path = false;","    }","","    if ('href' in element) {","        element.href = false;","    }","","    parts[1].split(';').forEach(function (item) {","        if (/^\\w+\\/[^\\/]+$/i.test(item)) {","            element.contentType = element.contentType || item.toLowerCase();","        }","    });","","    return element;","};",""],"l":{"3":1,"4":1,"6":1,"7":0,"10":1,"18":1,"19":0,"20":0,"23":0,"24":0,"30":1,"31":0,"32":0,"33":0,"35":0,"37":0,"38":0,"39":0,"42":0,"43":0,"44":0,"45":0,"46":0,"47":0,"48":0,"49":0,"51":0,"58":0,"59":0,"63":0,"76":0,"77":0,"79":0,"80":0,"85":0,"86":0,"90":0,"92":0,"101":1,"102":0,"103":0,"104":0,"106":0,"107":0,"110":0,"117":0,"118":0,"119":0,"120":0,"121":0,"122":0,"126":0,"127":0,"128":0,"131":0,"132":0,"135":0,"136":0,"137":0,"138":0,"141":0,"142":0,"146":0,"149":0,"150":0,"153":0,"154":0,"157":0,"160":0,"161":0,"166":0,"168":0,"171":0,"182":1,"183":0,"186":0,"187":0,"188":0,"190":0,"194":0,"197":0,"198":0,"199":0,"201":0,"205":0,"208":0,"209":0,"210":0,"212":0,"216":0,"217":0,"218":0,"220":0,"223":0,"224":0,"225":0,"227":0,"231":0,"234":0,"241":0,"243":0,"244":0,"247":0,"253":0,"254":0,"257":0,"258":0,"259":0,"262":0,"263":0,"264":0,"265":0,"268":0,"269":0,"273":0,"276":0,"277":0,"280":0,"281":0,"284":0,"287":0,"297":1,"298":0,"300":0,"301":0,"309":0,"315":0,"316":0,"317":0,"318":0,"321":0,"323":0,"324":0,"328":0,"338":1,"339":0,"341":0,"342":0,"350":0,"356":0,"357":0,"358":0,"360":0,"364":0,"373":1,"374":0,"376":0,"377":0,"385":0,"391":0,"393":0,"394":0,"397":0,"407":1,"408":0,"409":0,"411":0,"412":0,"417":0,"418":0,"427":0,"435":0,"436":0,"439":0,"440":0,"443":0,"444":0,"445":0,"446":0,"449":0,"450":0,"453":0,"454":0,"458":0,"459":0,"461":0,"464":0,"473":1,"474":0,"475":0,"476":0,"479":0,"481":0,"482":0,"485":0,"486":0,"489":0,"490":0,"491":0,"495":0}},"/home/travis/build/npmtest/node-npmtest-mailcomposer/node_modules/mailcomposer/.eslintrc.js":{"path":"/home/travis/build/npmtest/node-npmtest-mailcomposer/node_modules/mailcomposer/.eslintrc.js","s":{"1":1},"b":{},"f":{},"fnMap":{},"statementMap":{"1":{"start":{"line":3,"column":0},"end":{"line":56,"column":2}}},"branchMap":{},"code":["'use strict';","","module.exports = {","    rules: {","        indent: [2, 4, {","            SwitchCase: 1","        }],","        quotes: [2, 'single'],","        'linebreak-style': [2, 'unix'],","        semi: [2, 'always'],","        strict: [2, 'global'],","        eqeqeq: 2,","        'dot-notation': 2,","        curly: 2,","        'no-fallthrough': 2,","        'quote-props': [2, 'as-needed'],","        'no-unused-expressions': [2, {","            allowShortCircuit: true","        }],","        'no-unused-vars': 2,","        'no-undef': 2,","        'handle-callback-err': 2,","        'no-new': 2,","        'new-cap': 2,","        'no-eval': 2,","        'no-invalid-this': 2,","        radix: [2, 'always'],","        'no-use-before-define': [2, 'nofunc'],","        'callback-return': [2, ['callback', 'cb', 'done']],","        'comma-dangle': [2, 'never'],","        'comma-style': [2, 'last'],","        'no-regex-spaces': 2,","        'no-empty': 2,","        'no-duplicate-case': 2,","        'no-empty-character-class': 2,","        'no-redeclare': [2, {","            builtinGlobals: true","        }],","        'block-scoped-var': 2,","        'no-sequences': 2,","        'no-throw-literal': 2,","        'no-useless-concat': 2,","        'no-void': 2,","        yoda: 2,","        'no-bitwise': 2,","        'no-lonely-if': 2,","        'no-mixed-spaces-and-tabs': 2,","        'no-console': 2","    },","    env: {","        es6: false,","        node: true","    },","    extends: 'eslint:recommended',","    fix: true","};",""],"l":{"3":1}},"/home/travis/build/npmtest/node-npmtest-mailcomposer/node_modules/mailcomposer/Gruntfile.js":{"path":"/home/travis/build/npmtest/node-npmtest-mailcomposer/node_modules/mailcomposer/Gruntfile.js","s":{"1":1,"2":0,"3":0,"4":0,"5":0},"b":{},"f":{"1":0},"fnMap":{"1":{"name":"(anonymous_1)","line":3,"loc":{"start":{"line":3,"column":17},"end":{"line":3,"column":34}}}},"statementMap":{"1":{"start":{"line":3,"column":0},"end":{"line":27,"column":2}},"2":{"start":{"line":6,"column":4},"end":{"line":19,"column":7}},"3":{"start":{"line":22,"column":4},"end":{"line":22,"column":39}},"4":{"start":{"line":23,"column":4},"end":{"line":23,"column":43}},"5":{"start":{"line":26,"column":4},"end":{"line":26,"column":59}}},"branchMap":{},"code":["'use strict';","","module.exports = function (grunt) {","","    // Project configuration.","    grunt.initConfig({","        eslint: {","            all: ['lib/*.js', 'test/*.js', 'Gruntfile.js']","        },","","        mochaTest: {","            all: {","                options: {","                    reporter: 'spec'","                },","                src: ['test/*-test.js']","            }","        }","    });","","    // Load the plugin(s)","    grunt.loadNpmTasks('grunt-eslint');","    grunt.loadNpmTasks('grunt-mocha-test');","","    // Tasks","    grunt.registerTask('default', ['eslint', 'mochaTest']);","};",""],"l":{"3":1,"6":0,"22":0,"23":0,"26":0}}}